#
# There is insufficient memory for the Java Runtime Environment to continue.
# Native memory allocation (malloc) failed to allocate 1140336 bytes for Chunk::new
# Possible reasons:
#   The system is out of physical RAM or swap space
#   The process is running with CompressedOops enabled, and the Java Heap may be blocking the growth of the native heap
# Possible solutions:
#   Reduce memory load on the system
#   Increase physical memory or swap space
#   Check if swap backing store is full
#   Decrease Java heap size (-Xmx/-Xms)
#   Decrease number of Java threads
#   Decrease Java thread stack sizes (-Xss)
#   Set larger code cache with -XX:ReservedCodeCacheSize=
#   JVM is running with Zero Based Compressed Oops mode in which the Java heap is
#     placed in the first 32GB address space. The Java Heap base address is the
#     maximum limit for the native heap growth. Please use -XX:HeapBaseMinAddress
#     to set the Java Heap base and to place the Java Heap above 32GB virtual address.
# This output file may be truncated or incomplete.
#
#  Out of Memory Error (arena.cpp:189), pid=26300, tid=22040
#
# JRE version: OpenJDK Runtime Environment Temurin-17.0.7+7 (17.0.7+7) (build 17.0.7+7)
# Java VM: OpenJDK 64-Bit Server VM Temurin-17.0.7+7 (17.0.7+7, mixed mode, sharing, tiered, compressed oops, compressed class ptrs, g1 gc, windows-amd64)
# No core dump will be written. Minidumps are not enabled by default on client versions of Windows
#

---------------  S U M M A R Y ------------

Command Line: -XX:MaxMetaspaceSize=4G -XX:ReservedCodeCacheSize=512m -XX:+HeapDumpOnOutOfMemoryError --add-opens=java.base/java.util=ALL-UNNAMED --add-opens=java.base/java.lang=ALL-UNNAMED --add-opens=java.base/java.lang.invoke=ALL-UNNAMED --add-opens=java.prefs/java.util.prefs=ALL-UNNAMED --add-exports=jdk.compiler/com.sun.tools.javac.api=ALL-UNNAMED --add-exports=jdk.compiler/com.sun.tools.javac.util=ALL-UNNAMED --add-opens=java.base/java.nio.charset=ALL-UNNAMED --add-opens=java.base/java.net=ALL-UNNAMED --add-opens=java.base/java.util.concurrent.atomic=ALL-UNNAMED -Xmx8G -Dfile.encoding=windows-1252 -Duser.country=ID -Duser.language=en -Duser.variant -javaagent:C:\Users\USER\.gradle\wrapper\dists\gradle-8.10.2-all\7iv73wktx1xtkvlq19urqw1wm\gradle-8.10.2\lib\agents\gradle-instrumentation-agent-8.10.2.jar org.gradle.launcher.daemon.bootstrap.GradleDaemon 8.10.2

Host: 12th Gen Intel(R) Core(TM) i5-1235U, 12 cores, 7G,  Windows 11 , 64 bit Build 26100 (10.0.26100.3912)
Time: Thu May  1 14:31:27 2025 Taipei Standard Time elapsed time: 90.481009 seconds (0d 0h 1m 30s)

---------------  T H R E A D  ---------------

Current thread (0x000001704f0073b0):  JavaThread "C2 CompilerThread0" daemon [_thread_in_native, id=22040, stack(0x0000006623200000,0x0000006623300000)]


Current CompileTask:
C2:  90487 15029       4       org.gradle.api.internal.artifacts.ivyservice.resolveengine.result.DesugaredAttributeContainerSerializer::read (155 bytes)

Stack: [0x0000006623200000,0x0000006623300000]
Native frames: (J=compiled Java code, j=interpreted, Vv=VM code, C=native code)
V  [jvm.dll+0x67754a]
V  [jvm.dll+0x834304]
V  [jvm.dll+0x835aae]
V  [jvm.dll+0x836113]
V  [jvm.dll+0x24696f]
V  [jvm.dll+0xac0ac]
V  [jvm.dll+0xac67c]
V  [jvm.dll+0x364de2]
V  [jvm.dll+0x32f6b1]
V  [jvm.dll+0x32eb5a]
V  [jvm.dll+0x219641]
V  [jvm.dll+0x218a61]
V  [jvm.dll+0x1a4d8d]
V  [jvm.dll+0x2284da]
V  [jvm.dll+0x226615]
V  [jvm.dll+0x7ea90b]
V  [jvm.dll+0x7e4e7a]
V  [jvm.dll+0x676395]
C  [ucrtbase.dll+0x37b0]
C  [KERNEL32.DLL+0x2e8d7]
C  [ntdll.dll+0x9c5dc]


---------------  P R O C E S S  ---------------

Threads class SMR info:
_java_thread_list=0x00000170548f0830, length=182, elements={
0x000001700aff2fe0, 0x0000017048438b90, 0x0000017048439650, 0x000001704f001090,
0x000001704f005970, 0x000001704f006230, 0x000001704f006af0, 0x000001704f0073b0,
0x000001704f007cb0, 0x000001704f00c5d0, 0x000001704f13ef30, 0x000001704f1ede40,
0x0000017050c00100, 0x0000017050064850, 0x0000017050bf6030, 0x0000017050a44b40,
0x000001704fba23e0, 0x000001704fba28b0, 0x0000017050c880e0, 0x0000017050c85f30,
0x0000017050c87270, 0x0000017050c868d0, 0x0000017050c86da0, 0x0000017050c86400,
0x0000017050c885b0, 0x0000017050c88a80, 0x0000017050c850c0, 0x0000017050c85590,
0x0000017050c85a60, 0x000001704fc680d0, 0x000001704fc6bf60, 0x000001704fc685a0,
0x000001704fc6b0f0, 0x000001704fc68f40, 0x000001704fc6ba90, 0x000001704fc6a750,
0x000001704fc69db0, 0x000001704fc6c430, 0x000001704fc68a70, 0x000001704fc6c900,
0x000001704fc698e0, 0x000001704fc6cdd0, 0x000001704fc69410, 0x000001704fc6f920,
0x000001704fc6d2a0, 0x000001704fc6d770, 0x000001704fc6e5e0, 0x000001704fc6dc40,
0x000001704fc6e110, 0x000001704fc6eab0, 0x000001704fc6ef80, 0x000001704fc6f450,
0x00000170529f0100, 0x00000170529eedc0, 0x00000170529f0aa0, 0x00000170529f0f70,
0x00000170529f1910, 0x00000170529ef290, 0x00000170529f1440, 0x00000170529f1de0,
0x00000170529f22b0, 0x00000170529f05d0, 0x00000170529f2c50, 0x00000170529f2780,
0x00000170529f3120, 0x00000170529ef760, 0x00000170529f35f0, 0x00000170529f3ac0,
0x00000170529f3f90, 0x000001704fdfe930, 0x000001704fdfe460, 0x000001704fdfdac0,
0x000001704fdfd120, 0x000001704fdff7a0, 0x000001704fdfd5f0, 0x000001704fe00ae0,
0x000001704fdffc70, 0x000001704fe00140, 0x000001704fdfee00, 0x000001704fdff2d0,
0x000001704fe00610, 0x000001704fe01480, 0x000001704fe01950, 0x000001704fdfdf90,
0x000001704fe027c0, 0x000001704fe03630, 0x000001704fe01e20, 0x000001704fe022f0,
0x000001704fe02c90, 0x000001704fe03160, 0x000001704fe03b00, 0x000001704fe03fd0,
0x000001704fe044a0, 0x0000017052710fc0, 0x00000170527127d0, 0x0000017052710620,
0x0000017052710af0, 0x0000017052710150, 0x0000017052711960, 0x0000017052711490,
0x0000017052712300, 0x0000017052712ca0, 0x0000017052713640, 0x0000017052713b10,
0x0000017052713170, 0x0000017052714980, 0x0000017052714e50, 0x0000017052715320,
0x0000017052713fe0, 0x00000170527144b0, 0x0000017052711e30, 0x0000017052716190,
0x0000017052716b30, 0x0000017052715cc0, 0x00000170527157f0, 0x0000017052716660,
0x0000017052717000, 0x00000170527174d0, 0x000001704f1acf20, 0x000001704f1ab240,
0x000001704f1ac0b0, 0x000001704f1aca50, 0x000001704f1aec00, 0x000001704f1af0d0,
0x000001704f1ab710, 0x000001704f1af5a0, 0x000001704f1ac580, 0x000001704f1abbe0,
0x000001704f1ad3f0, 0x000001704f1ad8c0, 0x000001704f1b1280, 0x000001704f1b0db0,
0x000001704f1add90, 0x000001704f1b1750, 0x000001704f1afa70, 0x000001704f1aff40,
0x000001704f1b1c20, 0x000001704f1ae260, 0x000001704f1b20f0, 0x000001704f1b08e0,
0x000001704f1ae730, 0x000001704f1b25c0, 0x000001704f1b2a90, 0x0000017053c21490,
0x0000017053c20af0, 0x0000017053c21e30, 0x0000017053c1ee10, 0x0000017053c1e940,
0x0000017053c1f7b0, 0x00000170536901c0, 0x00000170536931e0, 0x000001705368f820,
0x0000017053691030, 0x000001705368fcf0, 0x00000170536919d0, 0x00000170536936b0,
0x0000017053693b80, 0x0000017053694050, 0x0000017053690690, 0x00000170536949f0,
0x0000017053694ec0, 0x0000017053695390, 0x0000017053694520, 0x0000017053696200,
0x0000017053695860, 0x0000017053695d30, 0x00000170536966d0, 0x0000017053c20620,
0x00000170552c0960, 0x00000170552bfaf0, 0x00000170552c0490, 0x00000170552bffc0,
0x00000170552c2170, 0x00000170552c2fe0, 0x00000170552c17d0, 0x00000170552c4cc0,
0x00000170552c4320, 0x00000170552c3980, 0x00000170552c34b0, 0x00000170552c5660,
0x00000170552c5b30, 0x00000170552c6000
}

Java Threads: ( => current thread )
  0x000001700aff2fe0 JavaThread "main" [_thread_blocked, id=26276, stack(0x0000006622500000,0x0000006622600000)]
  0x0000017048438b90 JavaThread "Reference Handler" daemon [_thread_blocked, id=26200, stack(0x0000006622c00000,0x0000006622d00000)]
  0x0000017048439650 JavaThread "Finalizer" daemon [_thread_blocked, id=25060, stack(0x0000006622d00000,0x0000006622e00000)]
  0x000001704f001090 JavaThread "Signal Dispatcher" daemon [_thread_blocked, id=25036, stack(0x0000006622e00000,0x0000006622f00000)]
  0x000001704f005970 JavaThread "Attach Listener" daemon [_thread_blocked, id=26404, stack(0x0000006622f00000,0x0000006623000000)]
  0x000001704f006230 JavaThread "Service Thread" daemon [_thread_blocked, id=26412, stack(0x0000006623000000,0x0000006623100000)]
  0x000001704f006af0 JavaThread "Monitor Deflation Thread" daemon [_thread_blocked, id=18880, stack(0x0000006623100000,0x0000006623200000)]
=>0x000001704f0073b0 JavaThread "C2 CompilerThread0" daemon [_thread_in_native, id=22040, stack(0x0000006623200000,0x0000006623300000)]
  0x000001704f007cb0 JavaThread "C1 CompilerThread0" daemon [_thread_blocked, id=20440, stack(0x0000006623300000,0x0000006623400000)]
  0x000001704f00c5d0 JavaThread "Sweeper thread" daemon [_thread_blocked, id=26408, stack(0x0000006623400000,0x0000006623500000)]
  0x000001704f13ef30 JavaThread "Common-Cleaner" daemon [_thread_blocked, id=24660, stack(0x0000006623500000,0x0000006623600000)]
  0x000001704f1ede40 JavaThread "Notification Thread" daemon [_thread_blocked, id=26396, stack(0x0000006623600000,0x0000006623700000)]
  0x0000017050c00100 JavaThread "Daemon health stats" [_thread_blocked, id=26432, stack(0x0000006623c00000,0x0000006623d00000)]
  0x0000017050064850 JavaThread "Incoming local TCP Connector on port 9901" [_thread_in_native, id=15904, stack(0x0000006623d00000,0x0000006623e00000)]
  0x0000017050bf6030 JavaThread "Daemon periodic checks" [_thread_blocked, id=18532, stack(0x0000006623e00000,0x0000006623f00000)]
  0x0000017050a44b40 JavaThread "Daemon" [_thread_blocked, id=5484, stack(0x0000006623f00000,0x0000006624000000)]
  0x000001704fba23e0 JavaThread "Handler for socket connection from /127.0.0.1:9901 to /127.0.0.1:9902" [_thread_in_native, id=23412, stack(0x0000006624000000,0x0000006624100000)]
  0x000001704fba28b0 JavaThread "Cancel handler" [_thread_blocked, id=23436, stack(0x0000006624100000,0x0000006624200000)]
  0x0000017050c880e0 JavaThread "Daemon worker" [_thread_blocked, id=10636, stack(0x0000006624200000,0x0000006624300000)]
  0x0000017050c85f30 JavaThread "Asynchronous log dispatcher for DefaultDaemonConnection: socket connection from /127.0.0.1:9901 to /127.0.0.1:9902" [_thread_blocked, id=22780, stack(0x0000006624300000,0x0000006624400000)]
  0x0000017050c87270 JavaThread "Stdin handler" [_thread_blocked, id=23696, stack(0x0000006624400000,0x0000006624500000)]
  0x0000017050c868d0 JavaThread "Daemon client event forwarder" [_thread_blocked, id=20792, stack(0x0000006624500000,0x0000006624600000)]
  0x0000017050c86da0 JavaThread "Cache worker for journal cache (C:\Users\USER\.gradle\caches\journal-1)" [_thread_blocked, id=14708, stack(0x0000006624600000,0x0000006624700000)]
  0x0000017050c86400 JavaThread "File lock request listener" [_thread_in_native, id=8056, stack(0x0000006624700000,0x0000006624800000)]
  0x0000017050c885b0 JavaThread "Cache worker for file hash cache (C:\Users\USER\.gradle\caches\8.10.2\fileHashes)" [_thread_blocked, id=19940, stack(0x0000006624800000,0x0000006624900000)]
  0x0000017050c88a80 JavaThread "Cache worker for file hash cache (C:\LitHub\mobile_app\lithub_mobile\android\.gradle\8.10.2\fileHashes)" [_thread_blocked, id=14124, stack(0x0000006624f00000,0x0000006625000000)]
  0x0000017050c850c0 JavaThread "Cache worker for Build Output Cleanup Cache (C:\LitHub\mobile_app\lithub_mobile\android\.gradle\buildOutputCleanup)" [_thread_blocked, id=19084, stack(0x0000006625000000,0x0000006625100000)]
  0x0000017050c85590 JavaThread "File watcher server" daemon [_thread_in_native, id=18436, stack(0x0000006625300000,0x0000006625400000)]
  0x0000017050c85a60 JavaThread "File watcher consumer" daemon [_thread_blocked, id=21884, stack(0x0000006625400000,0x0000006625500000)]
  0x000001704fc680d0 JavaThread "Cache worker for checksums cache (C:\LitHub\mobile_app\lithub_mobile\android\.gradle\8.10.2\checksums)" [_thread_blocked, id=24144, stack(0x0000006625500000,0x0000006625600000)]
  0x000001704fc6bf60 JavaThread "Cache worker for file content cache (C:\Users\USER\.gradle\caches\8.10.2\fileContent)" [_thread_blocked, id=5028, stack(0x0000006625600000,0x0000006625700000)]
  0x000001704fc685a0 JavaThread "Cache worker for cache directory md-rule (C:\Users\USER\.gradle\caches\8.10.2\md-rule)" [_thread_blocked, id=12996, stack(0x0000006625700000,0x0000006625800000)]
  0x000001704fc6b0f0 JavaThread "Cache worker for cache directory md-supplier (C:\Users\USER\.gradle\caches\8.10.2\md-supplier)" [_thread_blocked, id=26072, stack(0x0000006625800000,0x0000006625900000)]
  0x000001704fc68f40 JavaThread "Cache worker for Build Output Cleanup Cache (C:\FlutterDev\flutter\packages\flutter_tools\gradle\.gradle\buildOutputCleanup)" [_thread_blocked, id=14596, stack(0x0000006625a00000,0x0000006625b00000)]
  0x000001704fc6ba90 JavaThread "Unconstrained build operations" [_thread_blocked, id=15504, stack(0x0000006625b00000,0x0000006625c00000)]
  0x000001704fc6a750 JavaThread "Unconstrained build operations Thread 2" [_thread_blocked, id=9460, stack(0x0000006625c00000,0x0000006625d00000)]
  0x000001704fc69db0 JavaThread "Unconstrained build operations Thread 3" [_thread_blocked, id=12204, stack(0x0000006625d00000,0x0000006625e00000)]
  0x000001704fc6c430 JavaThread "Unconstrained build operations Thread 4" [_thread_blocked, id=19296, stack(0x0000006625e00000,0x0000006625f00000)]
  0x000001704fc68a70 JavaThread "Unconstrained build operations Thread 5" [_thread_blocked, id=12220, stack(0x0000006625f00000,0x0000006626000000)]
  0x000001704fc6c900 JavaThread "Unconstrained build operations Thread 6" [_thread_blocked, id=20552, stack(0x0000006626000000,0x0000006626100000)]
  0x000001704fc698e0 JavaThread "Unconstrained build operations Thread 7" [_thread_blocked, id=21988, stack(0x0000006626100000,0x0000006626200000)]
  0x000001704fc6cdd0 JavaThread "Unconstrained build operations Thread 8" [_thread_blocked, id=19240, stack(0x0000006626200000,0x0000006626300000)]
  0x000001704fc69410 JavaThread "Unconstrained build operations Thread 9" [_thread_blocked, id=13356, stack(0x0000006626300000,0x0000006626400000)]
  0x000001704fc6f920 JavaThread "Unconstrained build operations Thread 10" [_thread_blocked, id=15588, stack(0x0000006626400000,0x0000006626500000)]
  0x000001704fc6d2a0 JavaThread "Unconstrained build operations Thread 11" [_thread_blocked, id=7300, stack(0x0000006626500000,0x0000006626600000)]
  0x000001704fc6d770 JavaThread "Unconstrained build operations Thread 12" [_thread_blocked, id=12272, stack(0x0000006624e00000,0x0000006624f00000)]
  0x000001704fc6e5e0 JavaThread "Unconstrained build operations Thread 13" [_thread_blocked, id=18256, stack(0x0000006626600000,0x0000006626700000)]
  0x000001704fc6dc40 JavaThread "Unconstrained build operations Thread 14" [_thread_blocked, id=25392, stack(0x0000006626700000,0x0000006626800000)]
  0x000001704fc6e110 JavaThread "Unconstrained build operations Thread 15" [_thread_blocked, id=19540, stack(0x0000006626800000,0x0000006626900000)]
  0x000001704fc6eab0 JavaThread "Unconstrained build operations Thread 16" [_thread_blocked, id=3728, stack(0x0000006626900000,0x0000006626a00000)]
  0x000001704fc6ef80 JavaThread "Unconstrained build operations Thread 17" [_thread_blocked, id=17292, stack(0x0000006626a00000,0x0000006626b00000)]
  0x000001704fc6f450 JavaThread "Unconstrained build operations Thread 18" [_thread_blocked, id=15448, stack(0x0000006626b00000,0x0000006626c00000)]
  0x00000170529f0100 JavaThread "Unconstrained build operations Thread 19" [_thread_blocked, id=19008, stack(0x0000006626c00000,0x0000006626d00000)]
  0x00000170529eedc0 JavaThread "Unconstrained build operations Thread 20" [_thread_blocked, id=17760, stack(0x0000006626d00000,0x0000006626e00000)]
  0x00000170529f0aa0 JavaThread "Unconstrained build operations Thread 21" [_thread_blocked, id=24600, stack(0x0000006626e00000,0x0000006626f00000)]
  0x00000170529f0f70 JavaThread "Unconstrained build operations Thread 22" [_thread_blocked, id=24624, stack(0x0000006626f00000,0x0000006627000000)]
  0x00000170529f1910 JavaThread "Unconstrained build operations Thread 23" [_thread_blocked, id=15992, stack(0x0000006627000000,0x0000006627100000)]
  0x00000170529ef290 JavaThread "Unconstrained build operations Thread 24" [_thread_blocked, id=23612, stack(0x0000006627100000,0x0000006627200000)]
  0x00000170529f1440 JavaThread "Unconstrained build operations Thread 25" [_thread_blocked, id=20944, stack(0x0000006627200000,0x0000006627300000)]
  0x00000170529f1de0 JavaThread "Unconstrained build operations Thread 26" [_thread_blocked, id=24596, stack(0x0000006627300000,0x0000006627400000)]
  0x00000170529f22b0 JavaThread "Unconstrained build operations Thread 27" [_thread_blocked, id=24584, stack(0x0000006627400000,0x0000006627500000)]
  0x00000170529f05d0 JavaThread "Unconstrained build operations Thread 28" [_thread_blocked, id=24588, stack(0x0000006627500000,0x0000006627600000)]
  0x00000170529f2c50 JavaThread "Unconstrained build operations Thread 29" [_thread_blocked, id=19244, stack(0x0000006627600000,0x0000006627700000)]
  0x00000170529f2780 JavaThread "Unconstrained build operations Thread 30" [_thread_blocked, id=12212, stack(0x0000006627700000,0x0000006627800000)]
  0x00000170529f3120 JavaThread "Unconstrained build operations Thread 31" [_thread_blocked, id=13420, stack(0x0000006627800000,0x0000006627900000)]
  0x00000170529ef760 JavaThread "Unconstrained build operations Thread 32" [_thread_blocked, id=22468, stack(0x0000006627900000,0x0000006627a00000)]
  0x00000170529f35f0 JavaThread "Unconstrained build operations Thread 33" [_thread_blocked, id=19872, stack(0x0000006627a00000,0x0000006627b00000)]
  0x00000170529f3ac0 JavaThread "Memory manager" [_thread_blocked, id=8276, stack(0x0000006627b00000,0x0000006627c00000)]
  0x00000170529f3f90 JavaThread "build event listener" [_thread_blocked, id=24860, stack(0x0000006627c00000,0x0000006627d00000)]
  0x000001704fdfe930 JavaThread "Execution worker" [_thread_blocked, id=26132, stack(0x0000006627e00000,0x0000006627f00000)]
  0x000001704fdfe460 JavaThread "Execution worker Thread 2" [_thread_blocked, id=23120, stack(0x0000006627f00000,0x0000006628000000)]
  0x000001704fdfdac0 JavaThread "Execution worker Thread 3" [_thread_blocked, id=25808, stack(0x0000006628000000,0x0000006628100000)]
  0x000001704fdfd120 JavaThread "Execution worker Thread 4" [_thread_blocked, id=26296, stack(0x0000006628100000,0x0000006628200000)]
  0x000001704fdff7a0 JavaThread "Execution worker Thread 5" [_thread_in_native, id=26280, stack(0x0000006628200000,0x0000006628300000)]
  0x000001704fdfd5f0 JavaThread "Execution worker Thread 6" [_thread_blocked, id=26292, stack(0x0000006628300000,0x0000006628400000)]
  0x000001704fe00ae0 JavaThread "Execution worker Thread 7" [_thread_blocked, id=26240, stack(0x0000006628400000,0x0000006628500000)]
  0x000001704fdffc70 JavaThread "Execution worker Thread 8" [_thread_blocked, id=13488, stack(0x0000006628500000,0x0000006628600000)]
  0x000001704fe00140 JavaThread "Execution worker Thread 9" [_thread_blocked, id=23416, stack(0x0000006628600000,0x0000006628700000)]
  0x000001704fdfee00 JavaThread "Execution worker Thread 10" [_thread_blocked, id=26488, stack(0x0000006628700000,0x0000006628800000)]
  0x000001704fdff2d0 JavaThread "Execution worker Thread 11" [_thread_blocked, id=26484, stack(0x0000006628800000,0x0000006628900000)]
  0x000001704fe00610 JavaThread "Cache worker for execution history cache (C:\FlutterDev\flutter\packages\flutter_tools\gradle\.gradle\8.10.2\executionHistory)" [_thread_blocked, id=26068, stack(0x0000006628900000,0x0000006628a00000)]
  0x000001704fe01480 JavaThread "Unconstrained build operations Thread 34" [_thread_blocked, id=25552, stack(0x0000006628a00000,0x0000006628b00000)]
  0x000001704fe01950 JavaThread "Unconstrained build operations Thread 35" [_thread_blocked, id=26568, stack(0x0000006628b00000,0x0000006628c00000)]
  0x000001704fdfdf90 JavaThread "Unconstrained build operations Thread 36" [_thread_blocked, id=26592, stack(0x0000006628c00000,0x0000006628d00000)]
  0x000001704fe027c0 JavaThread "Unconstrained build operations Thread 37" [_thread_blocked, id=26608, stack(0x0000006628d00000,0x0000006628e00000)]
  0x000001704fe03630 JavaThread "Unconstrained build operations Thread 38" [_thread_blocked, id=26556, stack(0x0000006628e00000,0x0000006628f00000)]
  0x000001704fe01e20 JavaThread "Unconstrained build operations Thread 39" [_thread_blocked, id=26560, stack(0x0000006628f00000,0x0000006629000000)]
  0x000001704fe022f0 JavaThread "Unconstrained build operations Thread 40" [_thread_blocked, id=10468, stack(0x0000006629000000,0x0000006629100000)]
  0x000001704fe02c90 JavaThread "Unconstrained build operations Thread 41" [_thread_blocked, id=26572, stack(0x0000006629100000,0x0000006629200000)]
  0x000001704fe03160 JavaThread "Unconstrained build operations Thread 42" [_thread_blocked, id=26564, stack(0x0000006629200000,0x0000006629300000)]
  0x000001704fe03b00 JavaThread "Unconstrained build operations Thread 43" [_thread_blocked, id=26576, stack(0x0000006629300000,0x0000006629400000)]
  0x000001704fe03fd0 JavaThread "Unconstrained build operations Thread 44" [_thread_blocked, id=26472, stack(0x0000006629400000,0x0000006629500000)]
  0x000001704fe044a0 JavaThread "Unconstrained build operations Thread 45" [_thread_blocked, id=26580, stack(0x0000006629500000,0x0000006629600000)]
  0x0000017052710fc0 JavaThread "Unconstrained build operations Thread 46" [_thread_blocked, id=26492, stack(0x0000006629600000,0x0000006629700000)]
  0x00000170527127d0 JavaThread "Unconstrained build operations Thread 47" [_thread_blocked, id=25028, stack(0x0000006629700000,0x0000006629800000)]
  0x0000017052710620 JavaThread "Unconstrained build operations Thread 48" [_thread_blocked, id=26336, stack(0x0000006629800000,0x0000006629900000)]
  0x0000017052710af0 JavaThread "Unconstrained build operations Thread 49" [_thread_blocked, id=26340, stack(0x0000006629900000,0x0000006629a00000)]
  0x0000017052710150 JavaThread "Unconstrained build operations Thread 50" [_thread_blocked, id=26252, stack(0x0000006629a00000,0x0000006629b00000)]
  0x0000017052711960 JavaThread "Unconstrained build operations Thread 51" [_thread_blocked, id=25328, stack(0x0000006629b00000,0x0000006629c00000)]
  0x0000017052711490 JavaThread "Unconstrained build operations Thread 52" [_thread_blocked, id=25336, stack(0x0000006629c00000,0x0000006629d00000)]
  0x0000017052712300 JavaThread "Unconstrained build operations Thread 53" [_thread_blocked, id=25332, stack(0x0000006629d00000,0x0000006629e00000)]
  0x0000017052712ca0 JavaThread "Unconstrained build operations Thread 54" [_thread_blocked, id=25340, stack(0x0000006629e00000,0x0000006629f00000)]
  0x0000017052713640 JavaThread "Unconstrained build operations Thread 55" [_thread_blocked, id=26536, stack(0x0000006629f00000,0x000000662a000000)]
  0x0000017052713b10 JavaThread "Unconstrained build operations Thread 56" [_thread_blocked, id=22248, stack(0x000000662a000000,0x000000662a100000)]
  0x0000017052713170 JavaThread "Unconstrained build operations Thread 57" [_thread_blocked, id=19964, stack(0x000000662a100000,0x000000662a200000)]
  0x0000017052714980 JavaThread "Unconstrained build operations Thread 58" [_thread_blocked, id=23052, stack(0x000000662a200000,0x000000662a300000)]
  0x0000017052714e50 JavaThread "Unconstrained build operations Thread 59" [_thread_blocked, id=22336, stack(0x000000662a300000,0x000000662a400000)]
  0x0000017052715320 JavaThread "Unconstrained build operations Thread 60" [_thread_blocked, id=10960, stack(0x000000662a400000,0x000000662a500000)]
  0x0000017052713fe0 JavaThread "Unconstrained build operations Thread 61" [_thread_blocked, id=26476, stack(0x000000662a500000,0x000000662a600000)]
  0x00000170527144b0 JavaThread "Unconstrained build operations Thread 62" [_thread_blocked, id=14296, stack(0x000000662a600000,0x000000662a700000)]
  0x0000017052711e30 JavaThread "Unconstrained build operations Thread 63" [_thread_blocked, id=13944, stack(0x000000662a700000,0x000000662a800000)]
  0x0000017052716190 JavaThread "Unconstrained build operations Thread 64" [_thread_blocked, id=22612, stack(0x000000662a800000,0x000000662a900000)]
  0x0000017052716b30 JavaThread "Unconstrained build operations Thread 65" [_thread_blocked, id=2944, stack(0x000000662a900000,0x000000662aa00000)]
  0x0000017052715cc0 JavaThread "Unconstrained build operations Thread 66" [_thread_blocked, id=25084, stack(0x000000662aa00000,0x000000662ab00000)]
  0x00000170527157f0 JavaThread "Unconstrained build operations Thread 67" [_thread_blocked, id=21348, stack(0x000000662ab00000,0x000000662ac00000)]
  0x0000017052716660 JavaThread "Unconstrained build operations Thread 68" [_thread_blocked, id=23928, stack(0x000000662ac00000,0x000000662ad00000)]
  0x0000017052717000 JavaThread "Unconstrained build operations Thread 69" [_thread_blocked, id=20920, stack(0x000000662ad00000,0x000000662ae00000)]
  0x00000170527174d0 JavaThread "Unconstrained build operations Thread 70" [_thread_blocked, id=19772, stack(0x000000662ae00000,0x000000662af00000)]
  0x000001704f1acf20 JavaThread "Unconstrained build operations Thread 71" [_thread_blocked, id=19612, stack(0x000000662af00000,0x000000662b000000)]
  0x000001704f1ab240 JavaThread "Unconstrained build operations Thread 72" [_thread_blocked, id=25528, stack(0x000000662b000000,0x000000662b100000)]
  0x000001704f1ac0b0 JavaThread "Unconstrained build operations Thread 73" [_thread_blocked, id=8372, stack(0x000000662b100000,0x000000662b200000)]
  0x000001704f1aca50 JavaThread "Unconstrained build operations Thread 74" [_thread_blocked, id=24780, stack(0x000000662b200000,0x000000662b300000)]
  0x000001704f1aec00 JavaThread "Unconstrained build operations Thread 75" [_thread_blocked, id=25544, stack(0x000000662b300000,0x000000662b400000)]
  0x000001704f1af0d0 JavaThread "Unconstrained build operations Thread 76" [_thread_blocked, id=25540, stack(0x000000662b400000,0x000000662b500000)]
  0x000001704f1ab710 JavaThread "Unconstrained build operations Thread 77" [_thread_blocked, id=24560, stack(0x000000662b500000,0x000000662b600000)]
  0x000001704f1af5a0 JavaThread "Unconstrained build operations Thread 78" [_thread_blocked, id=25112, stack(0x000000662b600000,0x000000662b700000)]
  0x000001704f1ac580 JavaThread "Unconstrained build operations Thread 79" [_thread_blocked, id=26016, stack(0x000000662b700000,0x000000662b800000)]
  0x000001704f1abbe0 JavaThread "Unconstrained build operations Thread 80" [_thread_blocked, id=9104, stack(0x000000662b800000,0x000000662b900000)]
  0x000001704f1ad3f0 JavaThread "Unconstrained build operations Thread 81" [_thread_blocked, id=23476, stack(0x000000662b900000,0x000000662ba00000)]
  0x000001704f1ad8c0 JavaThread "Unconstrained build operations Thread 82" [_thread_blocked, id=23676, stack(0x000000662ba00000,0x000000662bb00000)]
  0x000001704f1b1280 JavaThread "Unconstrained build operations Thread 83" [_thread_blocked, id=21824, stack(0x000000662bb00000,0x000000662bc00000)]
  0x000001704f1b0db0 JavaThread "Unconstrained build operations Thread 84" [_thread_blocked, id=13660, stack(0x000000662bc00000,0x000000662bd00000)]
  0x000001704f1add90 JavaThread "Unconstrained build operations Thread 85" [_thread_blocked, id=15424, stack(0x000000662bd00000,0x000000662be00000)]
  0x000001704f1b1750 JavaThread "Unconstrained build operations Thread 86" [_thread_blocked, id=23688, stack(0x000000662be00000,0x000000662bf00000)]
  0x000001704f1afa70 JavaThread "Unconstrained build operations Thread 87" [_thread_blocked, id=26124, stack(0x000000662bf00000,0x000000662c000000)]
  0x000001704f1aff40 JavaThread "Unconstrained build operations Thread 88" [_thread_blocked, id=24688, stack(0x000000662c000000,0x000000662c100000)]
  0x000001704f1b1c20 JavaThread "Unconstrained build operations Thread 89" [_thread_blocked, id=21212, stack(0x000000662c100000,0x000000662c200000)]
  0x000001704f1ae260 JavaThread "Unconstrained build operations Thread 90" [_thread_blocked, id=26460, stack(0x000000662c200000,0x000000662c300000)]
  0x000001704f1b20f0 JavaThread "Unconstrained build operations Thread 91" [_thread_blocked, id=14976, stack(0x000000662c300000,0x000000662c400000)]
  0x000001704f1b08e0 JavaThread "Unconstrained build operations Thread 92" [_thread_blocked, id=9696, stack(0x000000662c400000,0x000000662c500000)]
  0x000001704f1ae730 JavaThread "Unconstrained build operations Thread 93" [_thread_blocked, id=25688, stack(0x000000662c500000,0x000000662c600000)]
  0x000001704f1b25c0 JavaThread "Unconstrained build operations Thread 94" [_thread_blocked, id=20868, stack(0x000000662c600000,0x000000662c700000)]
  0x000001704f1b2a90 JavaThread "Unconstrained build operations Thread 95" [_thread_blocked, id=22692, stack(0x000000662c700000,0x000000662c800000)]
  0x0000017053c21490 JavaThread "Unconstrained build operations Thread 96" [_thread_blocked, id=15412, stack(0x000000662c800000,0x000000662c900000)]
  0x0000017053c20af0 JavaThread "Unconstrained build operations Thread 97" [_thread_blocked, id=25936, stack(0x000000662c900000,0x000000662ca00000)]
  0x0000017053c21e30 JavaThread "Unconstrained build operations Thread 98" [_thread_blocked, id=23284, stack(0x000000662ca00000,0x000000662cb00000)]
  0x0000017053c1ee10 JavaThread "Unconstrained build operations Thread 99" [_thread_blocked, id=11548, stack(0x000000662cb00000,0x000000662cc00000)]
  0x0000017053c1e940 JavaThread "jar transforms" [_thread_blocked, id=24832, stack(0x000000662ce00000,0x000000662cf00000)]
  0x0000017053c1f7b0 JavaThread "jar transforms Thread 2" [_thread_blocked, id=24344, stack(0x000000662cf00000,0x000000662d000000)]
  0x00000170536901c0 JavaThread "jar transforms Thread 3" [_thread_blocked, id=26428, stack(0x000000662d100000,0x000000662d200000)]
  0x00000170536931e0 JavaThread "jar transforms Thread 4" [_thread_blocked, id=12700, stack(0x000000662d200000,0x000000662d300000)]
  0x000001705368f820 JavaThread "Unconstrained build operations Thread 100" [_thread_blocked, id=26004, stack(0x0000006622200000,0x0000006622300000)]
  0x0000017053691030 JavaThread "Unconstrained build operations Thread 101" [_thread_blocked, id=24400, stack(0x0000006622300000,0x0000006622400000)]
  0x000001705368fcf0 JavaThread "Unconstrained build operations Thread 102" [_thread_blocked, id=3740, stack(0x0000006622400000,0x0000006622500000)]
  0x00000170536919d0 JavaThread "Unconstrained build operations Thread 103" [_thread_blocked, id=15632, stack(0x000000662d300000,0x000000662d400000)]
  0x00000170536936b0 JavaThread "Unconstrained build operations Thread 104" [_thread_blocked, id=25920, stack(0x000000662d400000,0x000000662d500000)]
  0x0000017053693b80 JavaThread "Unconstrained build operations Thread 105" [_thread_blocked, id=19568, stack(0x000000662d500000,0x000000662d600000)]
  0x0000017053694050 JavaThread "Unconstrained build operations Thread 106" [_thread_blocked, id=13348, stack(0x000000662d600000,0x000000662d700000)]
  0x0000017053690690 JavaThread "Unconstrained build operations Thread 107" [_thread_blocked, id=25884, stack(0x000000662d700000,0x000000662d800000)]
  0x00000170536949f0 JavaThread "Unconstrained build operations Thread 108" [_thread_blocked, id=20988, stack(0x000000662d800000,0x000000662d900000)]
  0x0000017053694ec0 JavaThread "Unconstrained build operations Thread 109" [_thread_blocked, id=25880, stack(0x000000662d900000,0x000000662da00000)]
  0x0000017053695390 JavaThread "Unconstrained build operations Thread 110" [_thread_blocked, id=26616, stack(0x000000662da00000,0x000000662db00000)]
  0x0000017053694520 JavaThread "Unconstrained build operations Thread 111" [_thread_blocked, id=23732, stack(0x000000662db00000,0x000000662dc00000)]
  0x0000017053696200 JavaThread "Unconstrained build operations Thread 112" [_thread_blocked, id=25364, stack(0x000000662dc00000,0x000000662dd00000)]
  0x0000017053695860 JavaThread "Unconstrained build operations Thread 113" [_thread_blocked, id=17144, stack(0x000000662dd00000,0x000000662de00000)]
  0x0000017053695d30 JavaThread "Unconstrained build operations Thread 114" [_thread_blocked, id=25236, stack(0x000000662de00000,0x000000662df00000)]
  0x00000170536966d0 JavaThread "Unconstrained build operations Thread 115" [_thread_blocked, id=24848, stack(0x000000662df00000,0x000000662e000000)]
  0x0000017053c20620 JavaThread "Unconstrained build operations Thread 116" [_thread_blocked, id=26180, stack(0x000000662e000000,0x000000662e100000)]
  0x00000170552c0960 JavaThread "Unconstrained build operations Thread 117" [_thread_blocked, id=26620, stack(0x000000662e100000,0x000000662e200000)]
  0x00000170552bfaf0 JavaThread "Unconstrained build operations Thread 118" [_thread_blocked, id=26468, stack(0x000000662e200000,0x000000662e300000)]
  0x00000170552c0490 JavaThread "Unconstrained build operations Thread 119" [_thread_blocked, id=15940, stack(0x000000662e300000,0x000000662e400000)]
  0x00000170552bffc0 JavaThread "Unconstrained build operations Thread 120" [_thread_blocked, id=12608, stack(0x000000662e400000,0x000000662e500000)]
  0x00000170552c2170 JavaThread "jar transforms Thread 5" [_thread_blocked, id=26136, stack(0x000000662d000000,0x000000662d100000)]
  0x00000170552c2fe0 JavaThread "jar transforms Thread 6" [_thread_blocked, id=7644, stack(0x000000662e600000,0x000000662e700000)]
  0x00000170552c17d0 JavaThread "jar transforms Thread 7" [_thread_blocked, id=11592, stack(0x000000662e700000,0x000000662e800000)]
  0x00000170552c4cc0 JavaThread "jar transforms Thread 8" [_thread_blocked, id=25620, stack(0x000000662e800000,0x000000662e900000)]
  0x00000170552c4320 JavaThread "jar transforms Thread 9" [_thread_blocked, id=19924, stack(0x000000662e500000,0x000000662e600000)]
  0x00000170552c3980 JavaThread "jar transforms Thread 10" [_thread_blocked, id=25160, stack(0x000000662e900000,0x000000662ea00000)]
  0x00000170552c34b0 JavaThread "pool-3-thread-1" [_thread_blocked, id=25824, stack(0x0000006627d00000,0x0000006627e00000)]
  0x00000170552c5660 JavaThread "build event listener" [_thread_blocked, id=8156, stack(0x000000662ea00000,0x000000662eb00000)]
  0x00000170552c5b30 JavaThread "included builds Thread 2" [_thread_blocked, id=25568, stack(0x000000662eb00000,0x000000662ec00000)]
  0x00000170552c6000 JavaThread "Cache worker for execution history cache (C:\LitHub\mobile_app\lithub_mobile\android\.gradle\8.10.2\executionHistory)" [_thread_blocked, id=25492, stack(0x000000662ec00000,0x000000662ed00000)]

Other Threads:
  0x0000017048436650 VMThread "VM Thread" [stack: 0x0000006622b00000,0x0000006622c00000] [id=26196]
  0x00000170482a0570 WatcherThread [stack: 0x0000006623700000,0x0000006623800000] [id=26448]
  0x000001700b0a1e40 GCTaskThread "GC Thread#0" [stack: 0x0000006622600000,0x0000006622700000] [id=26284]
  0x000001704f466510 GCTaskThread "GC Thread#1" [stack: 0x0000006623800000,0x0000006623900000] [id=26516]
  0x000001704f5a0650 GCTaskThread "GC Thread#2" [stack: 0x0000006623900000,0x0000006623a00000] [id=26512]
  0x000001704f2e9530 GCTaskThread "GC Thread#3" [stack: 0x0000006623a00000,0x0000006623b00000] [id=26496]
  0x000001704fd02430 GCTaskThread "GC Thread#4" [stack: 0x0000006623b00000,0x0000006623c00000] [id=26504]
  0x0000017050d5cc80 GCTaskThread "GC Thread#5" [stack: 0x0000006624900000,0x0000006624a00000] [id=9144]
  0x00000170523fbf10 GCTaskThread "GC Thread#6" [stack: 0x0000006624a00000,0x0000006624b00000] [id=18500]
  0x00000170523fc1c0 GCTaskThread "GC Thread#7" [stack: 0x0000006624b00000,0x0000006624c00000] [id=12712]
  0x00000170511e26e0 GCTaskThread "GC Thread#8" [stack: 0x0000006624c00000,0x0000006624d00000] [id=19756]
  0x00000170511e2990 GCTaskThread "GC Thread#9" [stack: 0x0000006624d00000,0x0000006624e00000] [id=21796]
  0x0000017048254c00 ConcurrentGCThread "G1 Main Marker" [stack: 0x0000006622700000,0x0000006622800000] [id=26236]
  0x0000017048256430 ConcurrentGCThread "G1 Conc#0" [stack: 0x0000006622800000,0x0000006622900000] [id=26272]
  0x0000017052520d90 ConcurrentGCThread "G1 Conc#1" [stack: 0x0000006625100000,0x0000006625200000] [id=21552]
  0x0000017052520580 ConcurrentGCThread "G1 Conc#2" [stack: 0x0000006625200000,0x0000006625300000] [id=21360]
  0x00000170482e7e80 ConcurrentGCThread "G1 Refine#0" [stack: 0x0000006622900000,0x0000006622a00000] [id=24672]
  0x0000017050220c70 ConcurrentGCThread "G1 Refine#1" [stack: 0x0000006625900000,0x0000006625a00000] [id=23112]
  0x00000170482e9660 ConcurrentGCThread "G1 Service" [stack: 0x0000006622a00000,0x0000006622b00000] [id=26192]

Threads with active compile tasks:
C2 CompilerThread0    90942 15029       4       org.gradle.api.internal.artifacts.ivyservice.resolveengine.result.DesugaredAttributeContainerSerializer::read (155 bytes)

VM state: not at safepoint (normal execution)

VM Mutex/Monitor currently owned by a thread: None

Heap address: 0x0000000600000000, size: 8192 MB, Compressed Oops mode: Zero based, Oop shift amount: 3

CDS archive(s) mapped at: [0x0000000800000000-0x0000000800bc0000-0x0000000800bc0000), size 12320768, SharedBaseAddress: 0x0000000800000000, ArchiveRelocationMode: 0.
Compressed class space mapped at: 0x0000000801000000-0x0000000841000000, reserved size: 1073741824
Narrow klass base: 0x0000000800000000, Narrow klass shift: 0, Narrow klass range: 0x100000000

GC Precious Log:
 CPUs: 12 total, 12 available
 Memory: 7896M
 Large Page Support: Disabled
 NUMA Support: Disabled
 Compressed Oops: Enabled (Zero based)
 Heap Region Size: 4M
 Heap Min Capacity: 8M
 Heap Initial Capacity: 124M
 Heap Max Capacity: 8G
 Pre-touch: Disabled
 Parallel Workers: 10
 Concurrent Workers: 3
 Concurrent Refinement Workers: 10
 Periodic GC: Disabled

Heap:
 garbage-first heap   total 327680K, used 197698K [0x0000000600000000, 0x0000000800000000)
  region size 4096K, 4 young (16384K), 3 survivors (12288K)
 Metaspace       used 104264K, committed 105344K, reserved 1179648K
  class space    used 14346K, committed 14848K, reserved 1048576K

Heap Regions: E=young(eden), S=young(survivor), O=old, HS=humongous(starts), HC=humongous(continues), CS=collection set, F=free, OA=open archive, CA=closed archive, TAMS=top-at-mark-start (previous, next)
|   0|0x0000000600000000, 0x0000000600400000, 0x0000000600400000|100%|HS|  |TAMS 0x0000000600400000, 0x0000000600000000| Complete 
|   1|0x0000000600400000, 0x0000000600800000, 0x0000000600800000|100%| O|  |TAMS 0x0000000600800000, 0x0000000600400000| Untracked 
|   2|0x0000000600800000, 0x0000000600c00000, 0x0000000600c00000|100%| O|  |TAMS 0x0000000600c00000, 0x0000000600800000| Untracked 
|   3|0x0000000600c00000, 0x0000000600f8be00, 0x0000000601000000| 88%| O|  |TAMS 0x0000000600f8be00, 0x0000000600c00000| Untracked 
|   4|0x0000000601000000, 0x0000000601400000, 0x0000000601400000|100%| O|  |TAMS 0x0000000601400000, 0x0000000601000000| Untracked 
|   5|0x0000000601400000, 0x0000000601800000, 0x0000000601800000|100%| O|  |TAMS 0x0000000601800000, 0x0000000601400000| Untracked 
|   6|0x0000000601800000, 0x0000000601c00000, 0x0000000601c00000|100%| O|  |TAMS 0x0000000601c00000, 0x0000000601800000| Untracked 
|   7|0x0000000601c00000, 0x0000000602000000, 0x0000000602000000|100%| O|  |TAMS 0x0000000602000000, 0x0000000601c00000| Untracked 
|   8|0x0000000602000000, 0x0000000602400000, 0x0000000602400000|100%| O|  |TAMS 0x0000000602400000, 0x0000000602000000| Untracked 
|   9|0x0000000602400000, 0x0000000602800000, 0x0000000602800000|100%| O|  |TAMS 0x0000000602800000, 0x0000000602400000| Untracked 
|  10|0x0000000602800000, 0x0000000602c00000, 0x0000000602c00000|100%|HS|  |TAMS 0x0000000602c00000, 0x0000000602800000| Complete 
|  11|0x0000000602c00000, 0x0000000603000000, 0x0000000603000000|100%|HS|  |TAMS 0x0000000603000000, 0x0000000602c00000| Complete 
|  12|0x0000000603000000, 0x0000000603400000, 0x0000000603400000|100%| O|  |TAMS 0x0000000603400000, 0x0000000603000000| Untracked 
|  13|0x0000000603400000, 0x0000000603800000, 0x0000000603800000|100%| O|  |TAMS 0x0000000603800000, 0x0000000603400000| Untracked 
|  14|0x0000000603800000, 0x0000000603c00000, 0x0000000603c00000|100%| O|  |TAMS 0x0000000603c00000, 0x0000000603800000| Untracked 
|  15|0x0000000603c00000, 0x0000000604000000, 0x0000000604000000|100%| O|  |TAMS 0x0000000604000000, 0x0000000603c00000| Untracked 
|  16|0x0000000604000000, 0x0000000604400000, 0x0000000604400000|100%|HS|  |TAMS 0x0000000604400000, 0x0000000604000000| Complete 
|  17|0x0000000604400000, 0x0000000604800000, 0x0000000604800000|100%| O|  |TAMS 0x0000000604800000, 0x0000000604400000| Untracked 
|  18|0x0000000604800000, 0x0000000604c00000, 0x0000000604c00000|100%| O|  |TAMS 0x0000000604800000, 0x0000000604800000| Untracked 
|  19|0x0000000604c00000, 0x0000000605000000, 0x0000000605000000|100%| O|  |TAMS 0x0000000604c00000, 0x0000000604c00000| Untracked 
|  20|0x0000000605000000, 0x0000000605400000, 0x0000000605400000|100%| O|  |TAMS 0x0000000605400000, 0x0000000605000000| Untracked 
|  21|0x0000000605400000, 0x0000000605800000, 0x0000000605800000|100%| O|  |TAMS 0x0000000605800000, 0x0000000605400000| Untracked 
|  22|0x0000000605800000, 0x0000000605c00000, 0x0000000605c00000|100%| O|  |TAMS 0x0000000605c00000, 0x0000000605800000| Untracked 
|  23|0x0000000605c00000, 0x0000000606000000, 0x0000000606000000|100%| O|  |TAMS 0x0000000606000000, 0x0000000605c00000| Untracked 
|  24|0x0000000606000000, 0x0000000606400000, 0x0000000606400000|100%| O|  |TAMS 0x0000000606400000, 0x0000000606000000| Untracked 
|  25|0x0000000606400000, 0x0000000606800000, 0x0000000606800000|100%| O|  |TAMS 0x0000000606800000, 0x0000000606400000| Untracked 
|  26|0x0000000606800000, 0x0000000606c00000, 0x0000000606c00000|100%|HS|  |TAMS 0x0000000606c00000, 0x0000000606800000| Complete 
|  27|0x0000000606c00000, 0x0000000607000000, 0x0000000607000000|100%| O|  |TAMS 0x0000000607000000, 0x0000000606c00000| Untracked 
|  28|0x0000000607000000, 0x0000000607400000, 0x0000000607400000|100%| O|  |TAMS 0x0000000607400000, 0x0000000607000000| Untracked 
|  29|0x0000000607400000, 0x0000000607800000, 0x0000000607800000|100%| O|  |TAMS 0x00000006075b8600, 0x0000000607400000| Untracked 
|  30|0x0000000607800000, 0x0000000607c00000, 0x0000000607c00000|100%| O|  |TAMS 0x0000000607800000, 0x0000000607800000| Untracked 
|  31|0x0000000607c00000, 0x0000000608000000, 0x0000000608000000|100%|HS|  |TAMS 0x0000000607c00000, 0x0000000607c00000| Complete 
|  32|0x0000000608000000, 0x0000000608400000, 0x0000000608400000|100%| O|  |TAMS 0x0000000608000000, 0x0000000608000000| Untracked 
|  33|0x0000000608400000, 0x0000000608800000, 0x0000000608800000|100%| O|  |TAMS 0x0000000608400000, 0x0000000608400000| Untracked 
|  34|0x0000000608800000, 0x0000000608c00000, 0x0000000608c00000|100%| O|  |TAMS 0x0000000608800000, 0x0000000608800000| Untracked 
|  35|0x0000000608c00000, 0x0000000609000000, 0x0000000609000000|100%| O|  |TAMS 0x0000000608c00000, 0x0000000608c00000| Untracked 
|  36|0x0000000609000000, 0x0000000609400000, 0x0000000609400000|100%| O|  |TAMS 0x0000000609000000, 0x0000000609000000| Untracked 
|  37|0x0000000609400000, 0x0000000609800000, 0x0000000609800000|100%| O|  |TAMS 0x0000000609400000, 0x0000000609400000| Untracked 
|  38|0x0000000609800000, 0x0000000609c00000, 0x0000000609c00000|100%| O|  |TAMS 0x0000000609800000, 0x0000000609800000| Untracked 
|  39|0x0000000609c00000, 0x000000060a000000, 0x000000060a000000|100%| O|  |TAMS 0x0000000609c00000, 0x0000000609c00000| Untracked 
|  40|0x000000060a000000, 0x000000060a400000, 0x000000060a400000|100%| O|  |TAMS 0x000000060a000000, 0x000000060a000000| Untracked 
|  41|0x000000060a400000, 0x000000060a800000, 0x000000060a800000|100%| O|  |TAMS 0x000000060a400000, 0x000000060a400000| Untracked 
|  42|0x000000060a800000, 0x000000060ac00000, 0x000000060ac00000|100%| O|  |TAMS 0x000000060a800000, 0x000000060a800000| Untracked 
|  43|0x000000060ac00000, 0x000000060b000000, 0x000000060b000000|100%| O|  |TAMS 0x000000060ac00000, 0x000000060ac00000| Untracked 
|  44|0x000000060b000000, 0x000000060b400000, 0x000000060b400000|100%| O|  |TAMS 0x000000060b000000, 0x000000060b000000| Untracked 
|  45|0x000000060b400000, 0x000000060b800000, 0x000000060b800000|100%| O|  |TAMS 0x000000060b400000, 0x000000060b400000| Untracked 
|  46|0x000000060b800000, 0x000000060b91f800, 0x000000060bc00000| 28%| O|  |TAMS 0x000000060b800000, 0x000000060b800000| Untracked 
|  47|0x000000060bc00000, 0x000000060bc00000, 0x000000060c000000|  0%| F|  |TAMS 0x000000060bc00000, 0x000000060bc00000| Untracked 
|  48|0x000000060c000000, 0x000000060c000000, 0x000000060c400000|  0%| F|  |TAMS 0x000000060c000000, 0x000000060c000000| Untracked 
|  49|0x000000060c400000, 0x000000060c400000, 0x000000060c800000|  0%| F|  |TAMS 0x000000060c400000, 0x000000060c400000| Untracked 
|  50|0x000000060c800000, 0x000000060c800000, 0x000000060cc00000|  0%| F|  |TAMS 0x000000060c800000, 0x000000060c800000| Untracked 
|  51|0x000000060cc00000, 0x000000060cc00000, 0x000000060d000000|  0%| F|  |TAMS 0x000000060cc00000, 0x000000060cc00000| Untracked 
|  52|0x000000060d000000, 0x000000060d000000, 0x000000060d400000|  0%| F|  |TAMS 0x000000060d000000, 0x000000060d000000| Untracked 
|  53|0x000000060d400000, 0x000000060d400000, 0x000000060d800000|  0%| F|  |TAMS 0x000000060d400000, 0x000000060d400000| Untracked 
|  54|0x000000060d800000, 0x000000060d800000, 0x000000060dc00000|  0%| F|  |TAMS 0x000000060d800000, 0x000000060d800000| Untracked 
|  55|0x000000060dc00000, 0x000000060dc00000, 0x000000060e000000|  0%| F|  |TAMS 0x000000060dc00000, 0x000000060dc00000| Untracked 
|  56|0x000000060e000000, 0x000000060e065430, 0x000000060e400000|  9%| S|CS|TAMS 0x000000060e000000, 0x000000060e000000| Complete 
|  57|0x000000060e400000, 0x000000060e400000, 0x000000060e800000|  0%| F|  |TAMS 0x000000060e400000, 0x000000060e400000| Untracked 
|  58|0x000000060e800000, 0x000000060e800000, 0x000000060ec00000|  0%| F|  |TAMS 0x000000060e800000, 0x000000060e800000| Untracked 
|  59|0x000000060ec00000, 0x000000060ec00000, 0x000000060f000000|  0%| F|  |TAMS 0x000000060ec00000, 0x000000060ec00000| Untracked 
|  60|0x000000060f000000, 0x000000060f400000, 0x000000060f400000|100%| S|CS|TAMS 0x000000060f000000, 0x000000060f000000| Complete 
|  61|0x000000060f400000, 0x000000060f800000, 0x000000060f800000|100%| S|CS|TAMS 0x000000060f400000, 0x000000060f400000| Complete 
|  62|0x000000060f800000, 0x000000060f800000, 0x000000060fc00000|  0%| F|  |TAMS 0x000000060f800000, 0x000000060f800000| Untracked 
|  63|0x000000060fc00000, 0x000000060fc00000, 0x0000000610000000|  0%| F|  |TAMS 0x000000060fc00000, 0x000000060fc00000| Untracked 
|  64|0x0000000610000000, 0x0000000610000000, 0x0000000610400000|  0%| F|  |TAMS 0x0000000610000000, 0x0000000610000000| Untracked 
|  65|0x0000000610400000, 0x0000000610400000, 0x0000000610800000|  0%| F|  |TAMS 0x0000000610400000, 0x0000000610400000| Untracked 
|  66|0x0000000610800000, 0x0000000610800000, 0x0000000610c00000|  0%| F|  |TAMS 0x0000000610800000, 0x0000000610800000| Untracked 
|  67|0x0000000610c00000, 0x0000000610c00000, 0x0000000611000000|  0%| F|  |TAMS 0x0000000610c00000, 0x0000000610c00000| Untracked 
|  68|0x0000000611000000, 0x0000000611000000, 0x0000000611400000|  0%| F|  |TAMS 0x0000000611000000, 0x0000000611000000| Untracked 
|  69|0x0000000611400000, 0x0000000611400000, 0x0000000611800000|  0%| F|  |TAMS 0x0000000611400000, 0x0000000611400000| Untracked 
|  70|0x0000000611800000, 0x0000000611800000, 0x0000000611c00000|  0%| F|  |TAMS 0x0000000611800000, 0x0000000611800000| Untracked 
|  71|0x0000000611c00000, 0x0000000611c00000, 0x0000000612000000|  0%| F|  |TAMS 0x0000000611c00000, 0x0000000611c00000| Untracked 
|  72|0x0000000612000000, 0x0000000612000000, 0x0000000612400000|  0%| F|  |TAMS 0x0000000612000000, 0x0000000612000000| Untracked 
|  73|0x0000000612400000, 0x0000000612400000, 0x0000000612800000|  0%| F|  |TAMS 0x0000000612400000, 0x0000000612400000| Untracked 
|  74|0x0000000612800000, 0x0000000612800000, 0x0000000612c00000|  0%| F|  |TAMS 0x0000000612800000, 0x0000000612800000| Untracked 
|  75|0x0000000612c00000, 0x0000000612c00000, 0x0000000613000000|  0%| F|  |TAMS 0x0000000612c00000, 0x0000000612c00000| Untracked 
|  76|0x0000000613000000, 0x0000000613000000, 0x0000000613400000|  0%| F|  |TAMS 0x0000000613000000, 0x0000000613000000| Untracked 
|  77|0x0000000613400000, 0x0000000613400000, 0x0000000613800000|  0%| F|  |TAMS 0x0000000613400000, 0x0000000613400000| Untracked 
|  78|0x0000000613800000, 0x0000000613800000, 0x0000000613c00000|  0%| F|  |TAMS 0x0000000613800000, 0x0000000613800000| Untracked 
|  79|0x0000000613c00000, 0x0000000613c63960, 0x0000000614000000|  9%| E|  |TAMS 0x0000000613c00000, 0x0000000613c00000| Complete 

Card table byte_map: [0x00000170361c0000,0x00000170371c0000] _byte_map_base: 0x00000170331c0000

Marking Bits (Prev, Next): (CMBitMap*) 0x000001700b0a2360, (CMBitMap*) 0x000001700b0a23a0
 Prev Bits: [0x00000170381c0000, 0x00000170401c0000)
 Next Bits: [0x00000170401c0000, 0x00000170481c0000)

Polling page: 0x000001700ad30000

Metaspace:

Usage:
  Non-class:     87.81 MB used.
      Class:     14.01 MB used.
       Both:    101.82 MB used.

Virtual space:
  Non-class space:      128.00 MB reserved,      88.38 MB ( 69%) committed,  2 nodes.
      Class space:        1.00 GB reserved,      14.50 MB (  1%) committed,  1 nodes.
             Both:        1.12 GB reserved,     102.88 MB (  9%) committed. 

Chunk freelists:
   Non-Class:  7.54 MB
       Class:  1.36 MB
        Both:  8.90 MB

MaxMetaspaceSize: 4.00 GB
CompressedClassSpaceSize: 1.00 GB
Initial GC threshold: 21.00 MB
Current GC threshold: 138.06 MB
CDS: on
MetaspaceReclaimPolicy: balanced
 - commit_granule_bytes: 65536.
 - commit_granule_words: 8192.
 - virtual_space_node_default_size: 8388608.
 - enlarge_chunks_in_place: 1.
 - new_chunks_are_fully_committed: 0.
 - uncommit_free_chunks: 1.
 - use_allocation_guard: 0.
 - handle_deallocations: 1.


Internal statistics:

num_allocs_failed_limit: 6.
num_arena_births: 1372.
num_arena_deaths: 0.
num_vsnodes_births: 3.
num_vsnodes_deaths: 0.
num_space_committed: 1645.
num_space_uncommitted: 0.
num_chunks_returned_to_freelist: 6.
num_chunks_taken_from_freelist: 6002.
num_chunk_merges: 6.
num_chunk_splits: 3845.
num_chunks_enlarged: 2506.
num_inconsistent_stats: 0.

CodeHeap 'non-profiled nmethods': size=259264Kb used=8847Kb max_used=8847Kb free=250416Kb
 bounds [0x00000170246f0000, 0x0000017024fa0000, 0x0000017034420000]
CodeHeap 'profiled nmethods': size=259264Kb used=24595Kb max_used=24595Kb free=234668Kb
 bounds [0x0000017014420000, 0x0000017015c30000, 0x0000017024150000]
CodeHeap 'non-nmethods': size=5760Kb used=2436Kb max_used=2497Kb free=3323Kb
 bounds [0x0000017024150000, 0x00000170243d0000, 0x00000170246f0000]
 total_blobs=13649 nmethods=12673 adapters=888
 compilation: enabled
              stopped_count=0, restarted_count=0
 full_count=0

Compilation events (20 events):
Event: 88.487 Thread 0x000001704f007cb0 nmethod 15024 0x0000017015c20f10 code [0x0000017015c210a0, 0x0000017015c211b8]
Event: 88.495 Thread 0x000001704f0073b0 nmethod 15022 0x0000017024f91090 code [0x0000017024f91240, 0x0000017024f919f8]
Event: 88.495 Thread 0x000001704f0073b0 15025       4       org.gradle.api.internal.artifacts.ivyservice.dependencysubstitution.DefaultDependencySubstitutions$ModuleMatchDependencySubstitutionAction::execute (9 bytes)
Event: 88.500 Thread 0x000001704f0073b0 nmethod 15025 0x0000017024f91c90 code [0x0000017024f91e40, 0x0000017024f92358]
Event: 88.500 Thread 0x000001704f0073b0 15023       4       org.gradle.api.internal.artifacts.result.DefaultResolvedVariantResult::computeHashCode (67 bytes)
Event: 88.504 Thread 0x000001704f0073b0 nmethod 15023 0x0000017024f92690 code [0x0000017024f92840, 0x0000017024f92af8]
Event: 88.504 Thread 0x000001704f0073b0 15016       4       org.gradle.api.internal.artifacts.ivyservice.modulecache.StringDeduplicatingDecoder::readByte (10 bytes)
Event: 88.512 Thread 0x000001704f0073b0 nmethod 15016 0x0000017024f92d90 code [0x0000017024f92f40, 0x0000017024f93348]
Event: 88.622 Thread 0x000001704f007cb0 15026       3       com.esotericsoftware.kryo.io.Input::readUtf8_slow (255 bytes)
Event: 88.623 Thread 0x000001704f007cb0 nmethod 15026 0x0000017015c21290 code [0x0000017015c21480, 0x0000017015c21b48]
Event: 88.791 Thread 0x000001704f007cb0 15027       3       org.gradle.internal.resolve.result.DefaultBuildableComponentIdResolveResult::mark (17 bytes)
Event: 88.792 Thread 0x000001704f007cb0 nmethod 15027 0x0000017015c21e10 code [0x0000017015c21fa0, 0x0000017015c22178]
Event: 88.874 Thread 0x000001704f0073b0 15028       4       org.gradle.api.attributes.Attribute::<init> (35 bytes)
Event: 88.888 Thread 0x000001704f0073b0 nmethod 15028 0x0000017024f93710 code [0x0000017024f938a0, 0x0000017024f93d38]
Event: 88.936 Thread 0x000001704f0073b0 15029       4       org.gradle.api.internal.artifacts.ivyservice.resolveengine.result.DesugaredAttributeContainerSerializer::read (155 bytes)
Event: 90.182 Thread 0x000001704f007cb0 15030       3       java.util.concurrent.ThreadPoolExecutor::beforeExecute (1 bytes)
Event: 90.183 Thread 0x000001704f007cb0 nmethod 15030 0x0000017015c22210 code [0x0000017015c223a0, 0x0000017015c224b8]
Event: 90.183 Thread 0x000001704f007cb0 15031   !   3       org.gradle.internal.concurrent.AbstractManagedExecutor$1::run (57 bytes)
Event: 90.183 Thread 0x000001704f007cb0 nmethod 15031 0x0000017015c22590 code [0x0000017015c22780, 0x0000017015c22c58]
Event: 90.186 Thread 0x000001704f007cb0 15033       3       kotlin.collections.ArraysKt___ArraysKt::toSet (70 bytes)

GC Heap History (20 events):
Event: 60.728 GC heap before
{Heap before GC invocations=45 (full 0):
 garbage-first heap   total 225280K, used 180737K [0x0000000600000000, 0x0000000800000000)
  region size 4096K, 15 young (61440K), 1 survivors (4096K)
 Metaspace       used 84312K, committed 85120K, reserved 1179648K
  class space    used 11636K, committed 12032K, reserved 1048576K
}
Event: 60.733 GC heap after
{Heap after GC invocations=46 (full 0):
 garbage-first heap   total 225280K, used 127078K [0x0000000600000000, 0x0000000800000000)
  region size 4096K, 2 young (8192K), 2 survivors (8192K)
 Metaspace       used 84312K, committed 85120K, reserved 1179648K
  class space    used 11636K, committed 12032K, reserved 1048576K
}
Event: 60.917 GC heap before
{Heap before GC invocations=46 (full 0):
 garbage-first heap   total 225280K, used 180326K [0x0000000600000000, 0x0000000800000000)
  region size 4096K, 15 young (61440K), 2 survivors (8192K)
 Metaspace       used 84313K, committed 85120K, reserved 1179648K
  class space    used 11636K, committed 12032K, reserved 1048576K
}
Event: 60.923 GC heap after
{Heap after GC invocations=47 (full 0):
 garbage-first heap   total 225280K, used 128944K [0x0000000600000000, 0x0000000800000000)
  region size 4096K, 2 young (8192K), 2 survivors (8192K)
 Metaspace       used 84313K, committed 85120K, reserved 1179648K
  class space    used 11636K, committed 12032K, reserved 1048576K
}
Event: 62.643 GC heap before
{Heap before GC invocations=47 (full 0):
 garbage-first heap   total 225280K, used 178096K [0x0000000600000000, 0x0000000800000000)
  region size 4096K, 14 young (57344K), 2 survivors (8192K)
 Metaspace       used 85384K, committed 86272K, reserved 1179648K
  class space    used 11785K, committed 12224K, reserved 1048576K
}
Event: 62.659 GC heap after
{Heap after GC invocations=48 (full 0):
 garbage-first heap   total 327680K, used 142820K [0x0000000600000000, 0x0000000800000000)
  region size 4096K, 2 young (8192K), 2 survivors (8192K)
 Metaspace       used 85384K, committed 86272K, reserved 1179648K
  class space    used 11785K, committed 12224K, reserved 1048576K
}
Event: 65.753 GC heap before
{Heap before GC invocations=48 (full 0):
 garbage-first heap   total 327680K, used 257508K [0x0000000600000000, 0x0000000800000000)
  region size 4096K, 30 young (122880K), 2 survivors (8192K)
 Metaspace       used 91405K, committed 92352K, reserved 1179648K
  class space    used 12670K, committed 13120K, reserved 1048576K
}
Event: 65.771 GC heap after
{Heap after GC invocations=49 (full 0):
 garbage-first heap   total 327680K, used 148867K [0x0000000600000000, 0x0000000800000000)
  region size 4096K, 4 young (16384K), 4 survivors (16384K)
 Metaspace       used 91405K, committed 92352K, reserved 1179648K
  class space    used 12670K, committed 13120K, reserved 1048576K
}
Event: 69.989 GC heap before
{Heap before GC invocations=49 (full 0):
 garbage-first heap   total 327680K, used 255363K [0x0000000600000000, 0x0000000800000000)
  region size 4096K, 30 young (122880K), 4 survivors (16384K)
 Metaspace       used 97495K, committed 98432K, reserved 1179648K
  class space    used 13561K, committed 14016K, reserved 1048576K
}
Event: 70.012 GC heap after
{Heap after GC invocations=50 (full 0):
 garbage-first heap   total 327680K, used 155418K [0x0000000600000000, 0x0000000800000000)
  region size 4096K, 4 young (16384K), 4 survivors (16384K)
 Metaspace       used 97495K, committed 98432K, reserved 1179648K
  class space    used 13561K, committed 14016K, reserved 1048576K
}
Event: 78.987 GC heap before
{Heap before GC invocations=50 (full 0):
 garbage-first heap   total 327680K, used 257818K [0x0000000600000000, 0x0000000800000000)
  region size 4096K, 29 young (118784K), 4 survivors (16384K)
 Metaspace       used 99092K, committed 100096K, reserved 1179648K
  class space    used 13782K, committed 14272K, reserved 1048576K
}
Event: 79.103 GC heap after
{Heap after GC invocations=51 (full 0):
 garbage-first heap   total 327680K, used 160849K [0x0000000600000000, 0x0000000800000000)
  region size 4096K, 4 young (16384K), 4 survivors (16384K)
 Metaspace       used 99092K, committed 100096K, reserved 1179648K
  class space    used 13782K, committed 14272K, reserved 1048576K
}
Event: 82.766 GC heap before
{Heap before GC invocations=51 (full 0):
 garbage-first heap   total 327680K, used 259153K [0x0000000600000000, 0x0000000800000000)
  region size 4096K, 29 young (118784K), 4 survivors (16384K)
 Metaspace       used 100659K, committed 101696K, reserved 1179648K
  class space    used 14038K, committed 14528K, reserved 1048576K
}
Event: 82.783 GC heap after
{Heap after GC invocations=52 (full 0):
 garbage-first heap   total 327680K, used 170847K [0x0000000600000000, 0x0000000800000000)
  region size 4096K, 4 young (16384K), 4 survivors (16384K)
 Metaspace       used 100659K, committed 101696K, reserved 1179648K
  class space    used 14038K, committed 14528K, reserved 1048576K
}
Event: 83.693 GC heap before
{Heap before GC invocations=52 (full 0):
 garbage-first heap   total 327680K, used 260959K [0x0000000600000000, 0x0000000800000000)
  region size 4096K, 27 young (110592K), 4 survivors (16384K)
 Metaspace       used 100954K, committed 101952K, reserved 1179648K
  class space    used 14075K, committed 14528K, reserved 1048576K
}
Event: 83.710 GC heap after
{Heap after GC invocations=53 (full 0):
 garbage-first heap   total 327680K, used 181000K [0x0000000600000000, 0x0000000800000000)
  region size 4096K, 3 young (12288K), 3 survivors (12288K)
 Metaspace       used 100954K, committed 101952K, reserved 1179648K
  class space    used 14075K, committed 14528K, reserved 1048576K
}
Event: 84.401 GC heap before
{Heap before GC invocations=53 (full 0):
 garbage-first heap   total 327680K, used 262920K [0x0000000600000000, 0x0000000800000000)
  region size 4096K, 23 young (94208K), 3 survivors (12288K)
 Metaspace       used 101424K, committed 102528K, reserved 1179648K
  class space    used 14128K, committed 14592K, reserved 1048576K
}
Event: 84.418 GC heap after
{Heap after GC invocations=54 (full 0):
 garbage-first heap   total 327680K, used 190780K [0x0000000600000000, 0x0000000800000000)
  region size 4096K, 3 young (12288K), 3 survivors (12288K)
 Metaspace       used 101424K, committed 102528K, reserved 1179648K
  class space    used 14128K, committed 14592K, reserved 1048576K
}
Event: 89.217 GC heap before
{Heap before GC invocations=54 (full 0):
 garbage-first heap   total 327680K, used 260412K [0x0000000600000000, 0x0000000800000000)
  region size 4096K, 21 young (86016K), 3 survivors (12288K)
 Metaspace       used 104262K, committed 105344K, reserved 1179648K
  class space    used 14346K, committed 14848K, reserved 1048576K
}
Event: 90.182 GC heap after
{Heap after GC invocations=55 (full 0):
 garbage-first heap   total 327680K, used 197698K [0x0000000600000000, 0x0000000800000000)
  region size 4096K, 3 young (12288K), 3 survivors (12288K)
 Metaspace       used 104262K, committed 105344K, reserved 1179648K
  class space    used 14346K, committed 14848K, reserved 1048576K
}

Dll operation events (14 events):
Event: 0.029 Loaded shared library C:\Users\USER\AppData\Local\Programs\Eclipse Adoptium\jdk-17.0.7.7-hotspot\bin\java.dll
Event: 0.041 Loaded shared library C:\Users\USER\AppData\Local\Programs\Eclipse Adoptium\jdk-17.0.7.7-hotspot\bin\jsvml.dll
Event: 0.107 Loaded shared library C:\Users\USER\AppData\Local\Programs\Eclipse Adoptium\jdk-17.0.7.7-hotspot\bin\zip.dll
Event: 0.115 Loaded shared library C:\Users\USER\AppData\Local\Programs\Eclipse Adoptium\jdk-17.0.7.7-hotspot\bin\instrument.dll
Event: 0.119 Loaded shared library C:\Users\USER\AppData\Local\Programs\Eclipse Adoptium\jdk-17.0.7.7-hotspot\bin\net.dll
Event: 0.121 Loaded shared library C:\Users\USER\AppData\Local\Programs\Eclipse Adoptium\jdk-17.0.7.7-hotspot\bin\nio.dll
Event: 0.123 Loaded shared library C:\Users\USER\AppData\Local\Programs\Eclipse Adoptium\jdk-17.0.7.7-hotspot\bin\zip.dll
Event: 0.287 Loaded shared library C:\Users\USER\AppData\Local\Programs\Eclipse Adoptium\jdk-17.0.7.7-hotspot\bin\jimage.dll
Event: 0.400 Loaded shared library C:\Users\USER\AppData\Local\Programs\Eclipse Adoptium\jdk-17.0.7.7-hotspot\bin\verify.dll
Event: 0.521 Loaded shared library C:\Users\USER\.gradle\native\c067742578af261105cb4f569cf0c3c89f3d7b1fecec35dd04571415982c5e48\windows-amd64\native-platform.dll
Event: 1.019 Loaded shared library C:\Users\USER\.gradle\native\100fb08df4bc3b14c8652ba06237920a3bd2aa13389f12d3474272988ae205f9\windows-amd64\native-platform-file-events.dll
Event: 2.611 Loaded shared library C:\Users\USER\AppData\Local\Programs\Eclipse Adoptium\jdk-17.0.7.7-hotspot\bin\management.dll
Event: 2.612 Loaded shared library C:\Users\USER\AppData\Local\Programs\Eclipse Adoptium\jdk-17.0.7.7-hotspot\bin\management_ext.dll
Event: 2.959 Loaded shared library C:\Users\USER\AppData\Local\Programs\Eclipse Adoptium\jdk-17.0.7.7-hotspot\bin\sunmscapi.dll

Deoptimization events (20 events):
Event: 88.197 Thread 0x000001704fdff7a0 Uncommon trap: trap_request=0xffffff76 fr.pc=0x0000017024f880f8 relative=0x00000000000003b8
Event: 88.197 Thread 0x000001704fdff7a0 Uncommon trap: reason=predicate action=maybe_recompile pc=0x0000017024f880f8 method=java.util.AbstractCollection.toArray([Ljava/lang/Object;)[Ljava/lang/Object; @ 43 c2
Event: 88.197 Thread 0x000001704fdff7a0 DEOPT PACKING pc=0x0000017024f880f8 sp=0x00000066282f7670
Event: 88.197 Thread 0x000001704fdff7a0 DEOPT UNPACKING pc=0x00000170241a69a3 sp=0x00000066282f7608 mode 2
Event: 88.381 Thread 0x000001704fdff7a0 Uncommon trap: trap_request=0xffffffd6 fr.pc=0x0000017024f896c0 relative=0x0000000000000380
Event: 88.381 Thread 0x000001704fdff7a0 Uncommon trap: reason=array_check action=maybe_recompile pc=0x0000017024f896c0 method=java.util.AbstractCollection.toArray([Ljava/lang/Object;)[Ljava/lang/Object; @ 116 c2
Event: 88.381 Thread 0x000001704fdff7a0 DEOPT PACKING pc=0x0000017024f896c0 sp=0x00000066282f7750
Event: 88.381 Thread 0x000001704fdff7a0 DEOPT UNPACKING pc=0x00000170241a69a3 sp=0x00000066282f76f0 mode 2
Event: 88.381 Thread 0x000001704fdff7a0 Uncommon trap: trap_request=0xffffffd6 fr.pc=0x0000017024f896c0 relative=0x0000000000000380
Event: 88.381 Thread 0x000001704fdff7a0 Uncommon trap: reason=array_check action=maybe_recompile pc=0x0000017024f896c0 method=java.util.AbstractCollection.toArray([Ljava/lang/Object;)[Ljava/lang/Object; @ 116 c2
Event: 88.381 Thread 0x000001704fdff7a0 DEOPT PACKING pc=0x0000017024f896c0 sp=0x00000066282f7750
Event: 88.381 Thread 0x000001704fdff7a0 DEOPT UNPACKING pc=0x00000170241a69a3 sp=0x00000066282f76f0 mode 2
Event: 88.381 Thread 0x000001704fdff7a0 Uncommon trap: trap_request=0xffffffd6 fr.pc=0x0000017024f896c0 relative=0x0000000000000380
Event: 88.381 Thread 0x000001704fdff7a0 Uncommon trap: reason=array_check action=maybe_recompile pc=0x0000017024f896c0 method=java.util.AbstractCollection.toArray([Ljava/lang/Object;)[Ljava/lang/Object; @ 116 c2
Event: 88.381 Thread 0x000001704fdff7a0 DEOPT PACKING pc=0x0000017024f896c0 sp=0x00000066282f7750
Event: 88.381 Thread 0x000001704fdff7a0 DEOPT UNPACKING pc=0x00000170241a69a3 sp=0x00000066282f76f0 mode 2
Event: 88.381 Thread 0x000001704fdff7a0 Uncommon trap: trap_request=0xffffffd6 fr.pc=0x0000017024f896c0 relative=0x0000000000000380
Event: 88.381 Thread 0x000001704fdff7a0 Uncommon trap: reason=array_check action=maybe_recompile pc=0x0000017024f896c0 method=java.util.AbstractCollection.toArray([Ljava/lang/Object;)[Ljava/lang/Object; @ 116 c2
Event: 88.381 Thread 0x000001704fdff7a0 DEOPT PACKING pc=0x0000017024f896c0 sp=0x00000066282f7750
Event: 88.381 Thread 0x000001704fdff7a0 DEOPT UNPACKING pc=0x00000170241a69a3 sp=0x00000066282f76f0 mode 2

Classes unloaded (0 events):
No events

Classes redefined (0 events):
No events

Internal exceptions (20 events):
Event: 84.613 Thread 0x0000017050c880e0 Exception <a 'java/lang/ClassNotFoundException'{0x0000000613466700}: org/gradle/api/tasks/SourceTaskCustomizer> (0x0000000613466700) 
thrown [s\src\hotspot\share\classfile\systemDictionary.cpp, line 256]
Event: 84.614 Thread 0x0000017050c880e0 Exception <a 'java/lang/ClassNotFoundException'{0x0000000613498a70}: org/gradle/api/tasks/compile/AbstractCompileCustomizer> (0x0000000613498a70) 
thrown [s\src\hotspot\share\classfile\systemDictionary.cpp, line 256]
Event: 84.615 Thread 0x0000017050c880e0 Exception <a 'java/lang/ClassNotFoundException'{0x00000006134bf778}: org/gradle/api/tasks/compile/JavaCompileCustomizer> (0x00000006134bf778) 
thrown [s\src\hotspot\share\classfile\systemDictionary.cpp, line 256]
Event: 84.616 Thread 0x0000017050c880e0 Exception <a 'java/lang/ClassNotFoundException'{0x00000006134e6cf0}: org/gradle/api/tasks/compile/JavaCompile_DecoratedCustomizer> (0x00000006134e6cf0) 
thrown [s\src\hotspot\share\classfile\systemDictionary.cpp, line 256]
Event: 84.624 Thread 0x0000017050c880e0 Exception <a 'java/lang/ClassNotFoundException'{0x0000000613596860}: org/gradle/api/tasks/compile/CompileOptions_DecoratedBeanInfo> (0x0000000613596860) 
thrown [s\src\hotspot\share\classfile\systemDictionary.cpp, line 256]
Event: 84.624 Thread 0x0000017050c880e0 Exception <a 'java/lang/ClassNotFoundException'{0x00000006135a4c30}: org/gradle/api/tasks/compile/CompileOptionsBeanInfo> (0x00000006135a4c30) 
thrown [s\src\hotspot\share\classfile\systemDictionary.cpp, line 256]
Event: 84.625 Thread 0x0000017050c880e0 Exception <a 'java/lang/ClassNotFoundException'{0x00000006135b2ff8}: org/gradle/api/tasks/compile/AbstractOptionsBeanInfo> (0x00000006135b2ff8) 
thrown [s\src\hotspot\share\classfile\systemDictionary.cpp, line 256]
Event: 84.625 Thread 0x0000017050c880e0 Exception <a 'java/lang/ClassNotFoundException'{0x00000006135c13e0}: org/gradle/api/tasks/compile/AbstractOptionsCustomizer> (0x00000006135c13e0) 
thrown [s\src\hotspot\share\classfile\systemDictionary.cpp, line 256]
Event: 84.626 Thread 0x0000017050c880e0 Exception <a 'java/lang/ClassNotFoundException'{0x00000006135d2030}: org/gradle/api/tasks/compile/CompileOptionsCustomizer> (0x00000006135d2030) 
thrown [s\src\hotspot\share\classfile\systemDictionary.cpp, line 256]
Event: 84.628 Thread 0x0000017050c880e0 Exception <a 'java/lang/ClassNotFoundException'{0x0000000613615b90}: org/gradle/api/tasks/compile/CompileOptions_DecoratedCustomizer> (0x0000000613615b90) 
thrown [s\src\hotspot\share\classfile\systemDictionary.cpp, line 256]
Event: 84.655 Thread 0x0000017050c880e0 Implicit null exception at 0x0000017024e49d5c to 0x0000017024e521cc
Event: 84.899 Thread 0x0000017050c880e0 Exception <a 'java/lang/NoSuchMethodError'{0x0000000612013170}: static Lcom/android/build/gradle/internal/profile/ProjectData;.<clinit>()V> (0x0000000612013170) 
thrown [s\src\hotspot\share\prims\jni.cpp, line 1107]
Event: 84.910 Thread 0x0000017050c880e0 Exception <a 'java/lang/NoSuchMethodError'{0x00000006120723c0}: static Lcom/android/build/gradle/internal/profile/TaskMetadata;.<clinit>()V> (0x00000006120723c0) 
thrown [s\src\hotspot\share\prims\jni.cpp, line 1107]
Event: 84.977 Thread 0x0000017050c880e0 Exception <a 'sun/nio/fs/WindowsException'{0x0000000611e48768}> (0x0000000611e48768) 
thrown [s\src\hotspot\share\prims\jni.cpp, line 516]
Event: 84.985 Thread 0x0000017050c880e0 Implicit null exception at 0x0000017024eac9ee to 0x0000017024eacacd
Event: 85.124 Thread 0x000001704fdff7a0 Exception <a 'java/lang/NoSuchMethodError'{0x0000000611fa5db0}: 'void java.lang.invoke.DirectMethodHandle$Holder.invokeStaticInit(java.lang.Object, java.lang.Object, java.lang.Object, int)'> (0x0000000611fa5db0) 
thrown [s\src\hotspot\share\interpreter\linkResolver.cpp, line 759]
Event: 85.176 Thread 0x000001704fdff7a0 Exception <a 'sun/nio/fs/WindowsException'{0x0000000611907688}> (0x0000000611907688) 
thrown [s\src\hotspot\share\prims\jni.cpp, line 516]
Event: 85.176 Thread 0x000001704fdff7a0 Exception <a 'sun/nio/fs/WindowsException'{0x0000000611907948}> (0x0000000611907948) 
thrown [s\src\hotspot\share\prims\jni.cpp, line 516]
Event: 85.182 Thread 0x000001704fdff7a0 Implicit null exception at 0x0000017024f22dca to 0x0000017024f23e30
Event: 89.010 Thread 0x000001704fdff7a0 Exception <a 'java/lang/NoSuchMethodError'{0x000000060fb1ea38}: 'int java.lang.invoke.DirectMethodHandle$Holder.invokeSpecial(java.lang.Object, java.lang.Object, int)'> (0x000000060fb1ea38) 
thrown [s\src\hotspot\share\interpreter\linkResolver.cpp, line 759]

VM Operations (20 events):
Event: 83.692 Executing VM operation: G1CollectForAllocation
Event: 83.710 Executing VM operation: G1CollectForAllocation done
Event: 84.400 Executing VM operation: G1CollectForAllocation
Event: 84.418 Executing VM operation: G1CollectForAllocation done
Event: 84.978 Executing VM operation: ICBufferFull
Event: 84.979 Executing VM operation: ICBufferFull done
Event: 85.132 Executing VM operation: HandshakeAllThreads
Event: 85.133 Executing VM operation: HandshakeAllThreads done
Event: 85.160 Executing VM operation: HandshakeAllThreads
Event: 85.160 Executing VM operation: HandshakeAllThreads done
Event: 85.904 Executing VM operation: ICBufferFull
Event: 85.904 Executing VM operation: ICBufferFull done
Event: 86.905 Executing VM operation: Cleanup
Event: 87.030 Executing VM operation: Cleanup done
Event: 88.042 Executing VM operation: Cleanup
Event: 88.043 Executing VM operation: Cleanup done
Event: 89.054 Executing VM operation: Cleanup
Event: 89.055 Executing VM operation: Cleanup done
Event: 89.217 Executing VM operation: G1CollectForAllocation
Event: 90.182 Executing VM operation: G1CollectForAllocation done

Events (20 events):
Event: 83.232 Thread 0x00000170510f3500 Thread exited: 0x00000170510f3500
Event: 83.267 loading class java/beans/ParameterDescriptor
Event: 83.278 loading class java/beans/ParameterDescriptor done
Event: 83.404 Thread 0x00000170552c4320 Thread added: 0x00000170552c4320
Event: 83.848 Thread 0x00000170552c3980 Thread added: 0x00000170552c3980
Event: 83.925 Thread 0x000001704fdfcc50 Thread exited: 0x000001704fdfcc50
Event: 84.900 loading class java/io/SerialCallbackContext
Event: 84.901 loading class java/io/SerialCallbackContext done
Event: 84.902 loading class jdk/internal/reflect/UnsafeQualifiedStaticLongFieldAccessorImpl
Event: 84.902 loading class jdk/internal/reflect/UnsafeQualifiedStaticLongFieldAccessorImpl done
Event: 84.914 loading class java/util/HashMap$UnsafeHolder
Event: 84.914 loading class java/util/HashMap$UnsafeHolder done
Event: 84.981 Thread 0x00000170552c34b0 Thread added: 0x00000170552c34b0
Event: 84.983 Thread 0x00000170552c5660 Thread added: 0x00000170552c5660
Event: 84.989 Thread 0x00000170552c5b30 Thread added: 0x00000170552c5b30
Event: 85.004 Thread 0x00000170552c6000 Thread added: 0x00000170552c6000
Event: 88.977 loading class java/io/SequenceInputStream
Event: 88.978 loading class java/io/SequenceInputStream done
Event: 89.008 loading class java/util/function/IntUnaryOperator
Event: 89.010 loading class java/util/function/IntUnaryOperator done


Dynamic libraries:
0x00007ff66c440000 - 0x00007ff66c44e000 	C:\Users\USER\AppData\Local\Programs\Eclipse Adoptium\jdk-17.0.7.7-hotspot\bin\java.exe
0x00007ffa8c540000 - 0x00007ffa8c7a6000 	C:\WINDOWS\SYSTEM32\ntdll.dll
0x00007ffa8a9b0000 - 0x00007ffa8aa79000 	C:\WINDOWS\System32\KERNEL32.DLL
0x00007ffa89f30000 - 0x00007ffa8a2fc000 	C:\WINDOWS\System32\KERNELBASE.dll
0x00007ffa897b0000 - 0x00007ffa898fb000 	C:\WINDOWS\System32\ucrtbase.dll
0x00007ffa60820000 - 0x00007ffa60837000 	C:\Users\USER\AppData\Local\Programs\Eclipse Adoptium\jdk-17.0.7.7-hotspot\bin\jli.dll
0x00007ffa7d000000 - 0x00007ffa7d019000 	C:\Users\USER\AppData\Local\Programs\Eclipse Adoptium\jdk-17.0.7.7-hotspot\bin\VCRUNTIME140.dll
0x00007ffa8a730000 - 0x00007ffa8a8fa000 	C:\WINDOWS\System32\USER32.dll
0x00007ffa89780000 - 0x00007ffa897a7000 	C:\WINDOWS\System32\win32u.dll
0x00007ffa6f770000 - 0x00007ffa6fa0a000 	C:\WINDOWS\WinSxS\amd64_microsoft.windows.common-controls_6595b64144ccf1df_6.0.26100.3912_none_3e07963ce335137e\COMCTL32.dll
0x00007ffa8a320000 - 0x00007ffa8a34b000 	C:\WINDOWS\System32\GDI32.dll
0x00007ffa8c410000 - 0x00007ffa8c4b9000 	C:\WINDOWS\System32\msvcrt.dll
0x00007ffa89a80000 - 0x00007ffa89bb2000 	C:\WINDOWS\System32\gdi32full.dll
0x00007ffa896d0000 - 0x00007ffa89773000 	C:\WINDOWS\System32\msvcp_win.dll
0x00007ffa8a970000 - 0x00007ffa8a9a0000 	C:\WINDOWS\System32\IMM32.DLL
0x00007ffa7cff0000 - 0x00007ffa7cffc000 	C:\Users\USER\AppData\Local\Programs\Eclipse Adoptium\jdk-17.0.7.7-hotspot\bin\vcruntime140_1.dll
0x00007ffa4fc50000 - 0x00007ffa4fce1000 	C:\Users\USER\AppData\Local\Programs\Eclipse Adoptium\jdk-17.0.7.7-hotspot\bin\msvcp140.dll
0x00007ffa42720000 - 0x00007ffa43368000 	C:\Users\USER\AppData\Local\Programs\Eclipse Adoptium\jdk-17.0.7.7-hotspot\bin\server\jvm.dll
0x00007ffa8c060000 - 0x00007ffa8c112000 	C:\WINDOWS\System32\ADVAPI32.dll
0x00007ffa8a680000 - 0x00007ffa8a726000 	C:\WINDOWS\System32\sechost.dll
0x00007ffa8b5b0000 - 0x00007ffa8b6c6000 	C:\WINDOWS\System32\RPCRT4.dll
0x00007ffa66780000 - 0x00007ffa6678a000 	C:\WINDOWS\SYSTEM32\WSOCK32.dll
0x00007ffa7d920000 - 0x00007ffa7d956000 	C:\WINDOWS\SYSTEM32\WINMM.dll
0x00007ffa8a600000 - 0x00007ffa8a674000 	C:\WINDOWS\System32\WS2_32.dll
0x00007ffa7d550000 - 0x00007ffa7d55b000 	C:\WINDOWS\SYSTEM32\VERSION.dll
0x00007ffa885b0000 - 0x00007ffa885ca000 	C:\WINDOWS\SYSTEM32\kernel.appcore.dll
0x00007ffa615a0000 - 0x00007ffa615aa000 	C:\Users\USER\AppData\Local\Programs\Eclipse Adoptium\jdk-17.0.7.7-hotspot\bin\jimage.dll
0x00007ffa87030000 - 0x00007ffa87271000 	C:\WINDOWS\SYSTEM32\DBGHELP.DLL
0x00007ffa8bbe0000 - 0x00007ffa8bf64000 	C:\WINDOWS\System32\combase.dll
0x00007ffa8bf70000 - 0x00007ffa8c050000 	C:\WINDOWS\System32\OLEAUT32.dll
0x00007ffa5fd30000 - 0x00007ffa5fd69000 	C:\WINDOWS\SYSTEM32\dbgcore.DLL
0x00007ffa89c50000 - 0x00007ffa89ce9000 	C:\WINDOWS\System32\bcryptPrimitives.dll
0x00007ffa53440000 - 0x00007ffa5344e000 	C:\Users\USER\AppData\Local\Programs\Eclipse Adoptium\jdk-17.0.7.7-hotspot\bin\instrument.dll
0x00007ffa50f50000 - 0x00007ffa50f75000 	C:\Users\USER\AppData\Local\Programs\Eclipse Adoptium\jdk-17.0.7.7-hotspot\bin\java.dll
0x00007ffa437b0000 - 0x00007ffa43886000 	C:\Users\USER\AppData\Local\Programs\Eclipse Adoptium\jdk-17.0.7.7-hotspot\bin\jsvml.dll
0x00007ffa8abf0000 - 0x00007ffa8b31d000 	C:\WINDOWS\System32\SHELL32.dll
0x00007ffa89900000 - 0x00007ffa89a74000 	C:\WINDOWS\System32\wintypes.dll
0x00007ffa87380000 - 0x00007ffa87bd6000 	C:\WINDOWS\SYSTEM32\windows.storage.dll
0x00007ffa8b330000 - 0x00007ffa8b41f000 	C:\WINDOWS\System32\SHCORE.dll
0x00007ffa8b6d0000 - 0x00007ffa8b739000 	C:\WINDOWS\System32\shlwapi.dll
0x00007ffa895e0000 - 0x00007ffa8960f000 	C:\WINDOWS\SYSTEM32\profapi.dll
0x00007ffa509e0000 - 0x00007ffa509f8000 	C:\Users\USER\AppData\Local\Programs\Eclipse Adoptium\jdk-17.0.7.7-hotspot\bin\zip.dll
0x00007ffa4fd60000 - 0x00007ffa4fd79000 	C:\Users\USER\AppData\Local\Programs\Eclipse Adoptium\jdk-17.0.7.7-hotspot\bin\net.dll
0x00007ffa7d760000 - 0x00007ffa7d87e000 	C:\WINDOWS\SYSTEM32\WINHTTP.dll
0x00007ffa88b20000 - 0x00007ffa88b8a000 	C:\WINDOWS\system32\mswsock.dll
0x00007ffa4fc30000 - 0x00007ffa4fc45000 	C:\Users\USER\AppData\Local\Programs\Eclipse Adoptium\jdk-17.0.7.7-hotspot\bin\nio.dll
0x00007ffa509d0000 - 0x00007ffa509e0000 	C:\Users\USER\AppData\Local\Programs\Eclipse Adoptium\jdk-17.0.7.7-hotspot\bin\verify.dll
0x00007ffa50e30000 - 0x00007ffa50e57000 	C:\Users\USER\.gradle\native\c067742578af261105cb4f569cf0c3c89f3d7b1fecec35dd04571415982c5e48\windows-amd64\native-platform.dll
0x00007ffa1c6e0000 - 0x00007ffa1c824000 	C:\Users\USER\.gradle\native\100fb08df4bc3b14c8652ba06237920a3bd2aa13389f12d3474272988ae205f9\windows-amd64\native-platform-file-events.dll
0x00007ffa4fd50000 - 0x00007ffa4fd59000 	C:\Users\USER\AppData\Local\Programs\Eclipse Adoptium\jdk-17.0.7.7-hotspot\bin\management.dll
0x00007ffa4fc20000 - 0x00007ffa4fc2b000 	C:\Users\USER\AppData\Local\Programs\Eclipse Adoptium\jdk-17.0.7.7-hotspot\bin\management_ext.dll
0x00007ffa8b320000 - 0x00007ffa8b328000 	C:\WINDOWS\System32\PSAPI.DLL
0x00007ffa88dc0000 - 0x00007ffa88ddc000 	C:\WINDOWS\SYSTEM32\CRYPTSP.dll
0x00007ffa88510000 - 0x00007ffa8854a000 	C:\WINDOWS\system32\rsaenh.dll
0x00007ffa88bc0000 - 0x00007ffa88beb000 	C:\WINDOWS\SYSTEM32\USERENV.dll
0x00007ffa895b0000 - 0x00007ffa895d6000 	C:\WINDOWS\SYSTEM32\bcrypt.dll
0x00007ffa88de0000 - 0x00007ffa88dec000 	C:\WINDOWS\SYSTEM32\CRYPTBASE.dll
0x00007ffa87fb0000 - 0x00007ffa87fe3000 	C:\WINDOWS\SYSTEM32\IPHLPAPI.DLL
0x00007ffa8c4c0000 - 0x00007ffa8c4ca000 	C:\WINDOWS\System32\NSI.dll
0x00007ffa81100000 - 0x00007ffa8111f000 	C:\WINDOWS\SYSTEM32\dhcpcsvc6.DLL
0x00007ffa80fc0000 - 0x00007ffa80fe5000 	C:\WINDOWS\SYSTEM32\dhcpcsvc.DLL
0x00007ffa88050000 - 0x00007ffa88177000 	C:\WINDOWS\SYSTEM32\DNSAPI.dll
0x00007ffa4fc10000 - 0x00007ffa4fc1e000 	C:\Users\USER\AppData\Local\Programs\Eclipse Adoptium\jdk-17.0.7.7-hotspot\bin\sunmscapi.dll
0x00007ffa89cf0000 - 0x00007ffa89e67000 	C:\WINDOWS\System32\CRYPT32.dll
0x00007ffa88fd0000 - 0x00007ffa89000000 	C:\WINDOWS\SYSTEM32\ncrypt.dll
0x00007ffa88f80000 - 0x00007ffa88fbf000 	C:\WINDOWS\SYSTEM32\NTASN1.dll
0x00007ffa762e0000 - 0x00007ffa762e8000 	C:\WINDOWS\system32\wshunix.dll
0x00007ffa59940000 - 0x00007ffa59958000 	C:\WINDOWS\system32\napinsp.dll
0x00007ffa59920000 - 0x00007ffa59932000 	C:\WINDOWS\System32\winrnr.dll
0x00007ffa4f850000 - 0x00007ffa4f880000 	C:\WINDOWS\system32\nlansp_c.dll
0x00007ffa53520000 - 0x00007ffa53536000 	C:\WINDOWS\system32\wshbth.dll
0x00007ffa7d580000 - 0x00007ffa7d58b000 	C:\Windows\System32\rasadhlp.dll
0x00007ffa81300000 - 0x00007ffa81386000 	C:\WINDOWS\System32\fwpuclnt.dll

dbghelp: loaded successfully - version: 4.0.5 - missing functions: none
symbol engine: initialized successfully - sym options: 0x614 - pdb path: .;C:\Users\USER\AppData\Local\Programs\Eclipse Adoptium\jdk-17.0.7.7-hotspot\bin;C:\WINDOWS\SYSTEM32;C:\WINDOWS\WinSxS\amd64_microsoft.windows.common-controls_6595b64144ccf1df_6.0.26100.3912_none_3e07963ce335137e;C:\Users\USER\AppData\Local\Programs\Eclipse Adoptium\jdk-17.0.7.7-hotspot\bin\server;C:\Users\USER\.gradle\native\c067742578af261105cb4f569cf0c3c89f3d7b1fecec35dd04571415982c5e48\windows-amd64;C:\Users\USER\.gradle\native\100fb08df4bc3b14c8652ba06237920a3bd2aa13389f12d3474272988ae205f9\windows-amd64

VM Arguments:
jvm_args: -XX:MaxMetaspaceSize=4G -XX:ReservedCodeCacheSize=512m -XX:+HeapDumpOnOutOfMemoryError --add-opens=java.base/java.util=ALL-UNNAMED --add-opens=java.base/java.lang=ALL-UNNAMED --add-opens=java.base/java.lang.invoke=ALL-UNNAMED --add-opens=java.prefs/java.util.prefs=ALL-UNNAMED --add-exports=jdk.compiler/com.sun.tools.javac.api=ALL-UNNAMED --add-exports=jdk.compiler/com.sun.tools.javac.util=ALL-UNNAMED --add-opens=java.base/java.nio.charset=ALL-UNNAMED --add-opens=java.base/java.net=ALL-UNNAMED --add-opens=java.base/java.util.concurrent.atomic=ALL-UNNAMED -Xmx8G -Dfile.encoding=windows-1252 -Duser.country=ID -Duser.language=en -Duser.variant -javaagent:C:\Users\USER\.gradle\wrapper\dists\gradle-8.10.2-all\7iv73wktx1xtkvlq19urqw1wm\gradle-8.10.2\lib\agents\gradle-instrumentation-agent-8.10.2.jar 
java_command: org.gradle.launcher.daemon.bootstrap.GradleDaemon 8.10.2
java_class_path (initial): C:\Users\USER\.gradle\wrapper\dists\gradle-8.10.2-all\7iv73wktx1xtkvlq19urqw1wm\gradle-8.10.2\lib\gradle-daemon-main-8.10.2.jar
Launcher Type: SUN_STANDARD

[Global flags]
     intx CICompilerCount                          = 4                                         {product} {ergonomic}
     uint ConcGCThreads                            = 3                                         {product} {ergonomic}
     uint G1ConcRefinementThreads                  = 10                                        {product} {ergonomic}
   size_t G1HeapRegionSize                         = 4194304                                   {product} {ergonomic}
    uintx GCDrainStackTargetSize                   = 64                                        {product} {ergonomic}
     bool HeapDumpOnOutOfMemoryError               = true                                   {manageable} {command line}
   size_t InitialHeapSize                          = 130023424                                 {product} {ergonomic}
   size_t MarkStackSize                            = 4194304                                   {product} {ergonomic}
   size_t MaxHeapSize                              = 8589934592                                {product} {command line}
   size_t MaxMetaspaceSize                         = 4294967296                                {product} {command line}
   size_t MaxNewSize                               = 5150605312                                {product} {ergonomic}
   size_t MinHeapDeltaBytes                        = 4194304                                   {product} {ergonomic}
   size_t MinHeapSize                              = 8388608                                   {product} {ergonomic}
    uintx NonNMethodCodeHeapSize                   = 5839372                                {pd product} {ergonomic}
    uintx NonProfiledCodeHeapSize                  = 265515770                              {pd product} {ergonomic}
    uintx ProfiledCodeHeapSize                     = 265515770                              {pd product} {ergonomic}
    uintx ReservedCodeCacheSize                    = 536870912                              {pd product} {command line}
     bool SegmentedCodeCache                       = true                                      {product} {ergonomic}
   size_t SoftMaxHeapSize                          = 8589934592                             {manageable} {ergonomic}
   double SweeperThreshold                         = 0.234375                                  {product} {ergonomic}
     bool UseCompressedClassPointers               = true                           {product lp64_product} {ergonomic}
     bool UseCompressedOops                        = true                           {product lp64_product} {ergonomic}
     bool UseG1GC                                  = true                                      {product} {ergonomic}
     bool UseLargePagesIndividualAllocation        = false                                  {pd product} {ergonomic}

Logging:
Log output configuration:
 #0: stdout all=warning uptime,level,tags
 #1: stderr all=off uptime,level,tags

Environment Variables:
JAVA_HOME=C:\Users\USER\AppData\Local\Programs\Eclipse Adoptium\jdk-17.0.7.7-hotspot\
CLASSPATH=C:\LitHub\mobile_app\lithub_mobile\android\\gradle\wrapper\gradle-wrapper.jar
PATH=C:\Python313\Scripts\;C:\Python313\;C:\Windows\system32;C:\Windows;C:\Windows\System32\Wbem;C:\Windows\System32\WindowsPowerShell\v1.0\;C:\Windows\System32\OpenSSH\;C:\Program Files (x86)\NVIDIA Corporation\PhysX\Common;C:\WINDOWS\system32;C:\WINDOWS;C:\WINDOWS\System32\Wbem;C:\WINDOWS\System32\WindowsPowerShell\v1.0\;C:\WINDOWS\System32\OpenSSH\;C:\Program Files (x86)\Microsoft SQL Server\160\Tools\Binn\;C:\Program Files\Microsoft SQL Server\160\Tools\Binn\;C:\Program Files\Microsoft SQL Server\Client SDK\ODBC\170\Tools\Binn\;C:\Program Files\Microsoft SQL Server\160\DTS\Binn\;C:\Program Files\Microsoft SQL Server\130\Tools\Binn\;C:\Program Files\Git\cmd;C:\FlutterDev\flutter\bin;C:\xampp\php;C:\ProgramData\ComposerSetup\bin;C:\Program Files\7-Zip\;C:\Program Files\Microsoft SQL Server\150\Tools\Binn\;C:\Program Files\dotnet\;C:\Program Files\nodejs\;C:\Program Files\nodejs;C:\ProgramData\chocolatey\bin;C:\Program Files\nodejs\;;C:\Program Files\NVIDIA Corporation\NVIDIA App\NvDLISR;C:\Users\USER\AppData\Local\Programs\Eclipse Adoptium\jdk-17.0.7.7-hotspot\bin;C:\Users\USER\AppData\Local\Microsoft\WindowsApps;;C:\Users\USER\PyCharm Community Edition 2023.2.1\bin;;C:\Users\USER\AppData\Local\Programs\Microsoft VS Code\bin;C:\Users\USER\AppData\Local\Programs\Windsurf\bin;C:\Users\USER\AppData\Roaming\Composer\vendor\bin;C:\Users\USER\.dotnet\tools;C:\Users\USER\AppData\Roaming\npm;C:\Users\USER\AppData\Local\Programs\cursor\resources\app\bin
USERNAME=USER
OS=Windows_NT
PROCESSOR_IDENTIFIER=Intel64 Family 6 Model 154 Stepping 4, GenuineIntel
TMP=C:\Users\USER\AppData\Local\Temp
TEMP=C:\Users\USER\AppData\Local\Temp



---------------  S Y S T E M  ---------------

OS:
 Windows 11 , 64 bit Build 26100 (10.0.26100.3912)
OS uptime: 0 days 4:27 hours

CPU: total 12 (initial active 12) (6 cores per cpu, 2 threads per core) family 6 model 154 stepping 4 microcode 0x41b, cx8, cmov, fxsr, ht, mmx, 3dnowpref, sse, sse2, sse3, ssse3, sse4.1, sse4.2, popcnt, lzcnt, tsc, tscinvbit, avx, avx2, aes, erms, clmul, bmi1, bmi2, adx, sha, fma, vzeroupper, clflush, clflushopt, clwb

Memory: 4k page, system-wide physical 7896M (352M free)
TotalPageFile size 32472M (AvailPageFile size 0M)
current process WorkingSet (physical memory assigned to process): 407M, peak: 505M
current process commit charge ("private bytes"): 674M, peak: 690M

vm_info: OpenJDK 64-Bit Server VM (17.0.7+7) for windows-amd64 JRE (17.0.7+7), built on Apr 18 2023 22:10:42 by "temurin" with MS VC++ 16.7 (VS2019)

END.
